#
# A fatal error has been detected by the Java Runtime Environment:
#
#  SIGSEGV (0xb) at pc=0x000000010d5375dd, pid=14213, tid=775
#
# JRE version: Java(TM) SE Runtime Environment (8.0_51-b16) (build 1.8.0_51-b16)
# Java VM: Java HotSpot(TM) 64-Bit Server VM (25.51-b03 mixed mode bsd-amd64 compressed oops)
# Problematic frame:
# C  [libglass.dylib+0x155dd]  GlassScreenDidChangeScreenParameters+0x9d
#
# Failed to write core dump. Core dumps have been disabled. To enable core dumping, try "ulimit -c unlimited" before starting Java again
#
# If you would like to submit a bug report, please visit:
#   http://bugreport.java.com/bugreport/crash.jsp
#

---------------  T H R E A D  ---------------

Current thread is native thread

siginfo: si_signo: 11 (SIGSEGV), si_code: 1 (SEGV_MAPERR), si_addr: 0x0000000000000000

Registers:
RAX=0x000000010d569bc0, RBX=0x0000000000000000, RCX=0x0000000000000103, RDX=0x00007fc3c1c4bce8
RSP=0x00007fff5ce0e9c0, RBP=0x00007fff5ce0e9d0, RSI=0x00007fc3c1f06fa0, RDI=0x0000000000000000
R8 =0x0000000000000040, R9 =0x00007fff9cd70040, R10=0xffffffffffffffff, R11=0x0000000000012068
R12=0x0000000000000000, R13=0x00007fc3c1c4b580, R14=0x00007fc3c4701dc0, R15=0x0000000000000000
RIP=0x000000010d5375dd, EFLAGS=0x0000000000010206, ERR=0x0000000000000004
  TRAPNO=0x000000000000000e

Top of Stack: (sp=0x00007fff5ce0e9c0)
0x00007fff5ce0e9c0:   00007fc3c1c48cb0 00007fc3c4701dc0
0x00007fff5ce0e9d0:   00007fff5ce0e9e0 00007fff7ea0ca6c
0x00007fff5ce0e9e0:   00007fff5ce0ea50 00007fff7ea0c96b
0x00007fff5ce0e9f0:   0000000102e0a000 00007fff9cd6b060
0x00007fff5ce0ea00:   00000000c2000000 00007fff7ea0c9c0
0x00007fff5ce0ea10:   00007fff996b3680 00007fc3c1c4b580
0x00007fff5ce0ea20:   00007fc3c4701dc0 00007fff5ce0f218
0x00007fff5ce0ea30:   00007fff93652b40 00007fff5ce0eb20
0x00007fff5ce0ea40:   00007fc3c1c4b580 00007fff7d140966
0x00007fff5ce0ea50:   00007fff5ce0ea90 00007fff7ea0c6d2
0x00007fff5ce0ea60:   00007fff5ce0f060 0000000000000000
0x00007fff5ce0ea70:   00007fff93652b40 00007fff5ce0eb20
0x00007fff5ce0ea80:   00007fff5ce0f218 00007fff7d140966
0x00007fff5ce0ea90:   00007fff5ce0f1b0 00007fff7e9c9d63
0x00007fff5ce0eaa0:   00007fff5ce0eac0 00007fff7e98bf70
0x00007fff5ce0eab0:   00007fc3c1c3cc70 00007fff5ce0f100
0x00007fff5ce0eac0:   00007fc3c1f0d4a0 00007fff996b4cb0
0x00007fff5ce0ead0:   0000000000000000 00007fc3c284a048
0x00007fff5ce0eae0:   00007fc3c1f0d401 00007fc3c1f3d0d0
0x00007fff5ce0eaf0:   00007fff997e70c0 0000000000000000
0x00007fff5ce0eb00:   00007fc3c1c4b280 0000000000000000
0x00007fff5ce0eb10:   0000000000000000 00007fff996f38e0
0x00007fff5ce0eb20:   00007fff5ce0f060 0000000000000001
0x00007fff5ce0eb30:   0000000000000100 00007fff5ce0eb00
0x00007fff5ce0eb40:   00007fff5ce0ef60 0000000000000000
0x00007fff5ce0eb50:   0000000000000100 00007fff996f4e00
0x00007fff5ce0eb60:   00007fff5ce0f100 0000000000000001
0x00007fff5ce0eb70:   00007fff5ce0ebb0 00007fff7e9c4a0c
0x00007fff5ce0eb80:   000000000000000d 00007fc3c1c3cc70
0x00007fff5ce0eb90:   00007fc3c1c3cc70 00007fff996f4e60
0x00007fff5ce0eba0:   00007fc3c1c00230 0000000000000001
0x00007fff5ce0ebb0:   00007fff5ce0f230 00007fff7e9c4529 

Instructions: (pc=0x000000010d5375dd)
0x000000010d5375bd:   89 df 4c 89 f1 41 ff 90 68 04 00 00 48 8d 05 f8
0x000000010d5375cd:   24 03 00 48 8b 30 48 8d 05 e6 25 03 00 48 8b 10
0x000000010d5375dd:   48 8b 0b 30 c0 48 89 df ff 91 68 04 00 00 48 8b
0x000000010d5375ed:   03 48 89 df ff 50 78 48 85 c0 74 36 49 89 c6 48 

Register to memory mapping:

RAX=0x000000010d569bc0: jScreenNotifySettingsChanged+0 in /Library/Java/JavaVirtualMachines/jdk1.8.0_51.jdk/Contents/Home/jre/lib/libglass.dylib at 0x000000010d522000
RBX=0x0000000000000000 is an unknown value
RCX=0x0000000000000103 is an unknown value
RDX=0x00007fc3c1c4bce8 is an unknown value
RSP=0x00007fff5ce0e9c0 is an unknown value
RBP=0x00007fff5ce0e9d0 is an unknown value
RSI=0x00007fc3c1f06fa0 is a global jni handle
RDI=0x0000000000000000 is an unknown value
R8 =0x0000000000000040 is an unknown value
R9 =0x00007fff9cd70040: __sFX+0x1c0 in /usr/lib/system/libsystem_c.dylib at 0x00007fff93f79000
R10=0xffffffffffffffff is an unknown value
R11=0x0000000000012068 is an unknown value
R12=0x0000000000000000 is an unknown value
R13=0x00007fc3c1c4b580 is an unknown value
R14=0x00007fc3c4701dc0 is an unknown value
R15=0x0000000000000000 is an unknown value


Stack: [0x00007fff5c612000,0x00007fff5ce12000],  sp=0x00007fff5ce0e9c0,  free space=8178k
Native frames: (J=compiled Java code, j=interpreted, Vv=VM code, C=native code)
C  [libglass.dylib+0x155dd]  GlassScreenDidChangeScreenParameters+0x9d
C  [CoreFoundation+0x9da6c]  __CFNOTIFICATIONCENTER_IS_CALLING_OUT_TO_AN_OBSERVER__+0xc
C  [CoreFoundation+0x9d96b]  _CFXRegistrationPost+0x1ab
C  [CoreFoundation+0x9d6d2]  ___CFXNotificationPost_block_invoke+0x32
C  [CoreFoundation+0x5ad63]  -[_CFXNotificationRegistrar find:object:observer:enumerator:]+0x723
C  [CoreFoundation+0x59d9c]  _CFXNotificationPost+0x25c
C  [Foundation+0x6a37]  -[NSNotificationCenter postNotificationName:object:userInfo:]+0x42
C  [AppKit+0x3f1386]  -[NSApplication _reactToScreenInvalidationImmediately:]+0x18f
C  [AppKit+0x3f11c3]  __44-[NSApplication _reactToScreenInvalidation:]_block_invoke+0x3b
C  [CoreFoundation+0xa77dc]  __CFRUNLOOP_IS_CALLING_OUT_TO_A_BLOCK__+0xc
C  [CoreFoundation+0x887e4]  __CFRunLoopDoBlocks+0x164
C  [CoreFoundation+0x88326]  __CFRunLoopRun+0x756
C  [CoreFoundation+0x87974]  CFRunLoopRunSpecific+0x1a4
C  [java+0x6463]  CreateExecutionEnvironment+0x367
C  [java+0x21ac]  JLI_Launch+0x7a0
C  [java+0x84c0]  main+0x65
C  [java+0x1a04]  start+0x34


---------------  P R O C E S S  ---------------

VM state:at safepoint (normal execution)

VM Mutex/Monitor currently owned by a thread:  ([mutex/lock_event])
[0x00007fc3c1e01f90] Threads_lock - owner thread: 0x00007fc3c300e000
[0x00007fc3c1e02490] Heap_lock - owner thread: 0x00007fc3c3321800

Heap:
 PSYoungGen      total 38400K, used 18674K [0x0000000795580000, 0x000000079a080000, 0x00000007c0000000)
  eden space 33280K, 40% used [0x0000000795580000,0x00000007962c33a8,0x0000000797600000)
  from space 5120K, 99% used [0x0000000799b80000,0x000000079a079770,0x000000079a080000)
  to   space 5120K, 0% used [0x0000000797600000,0x0000000797600000,0x0000000797b00000)
 ParOldGen       total 87552K, used 8521K [0x0000000740000000, 0x0000000745580000, 0x0000000795580000)
  object space 87552K, 9% used [0x0000000740000000,0x0000000740852590,0x0000000745580000)
 Metaspace       used 18743K, capacity 19450K, committed 19584K, reserved 1067008K
  class space    used 2449K, capacity 2595K, committed 2688K, reserved 1048576K

Card table byte_map: [0x0000000104b29000,0x0000000104f2a000] byte_map_base: 0x0000000101129000

Marking Bits: (ParMarkBitMap*) 0x00000001040c27a0
 Begin Bits: [0x00000001051d5000, 0x00000001071d5000)
 End Bits:   [0x00000001071d5000, 0x00000001091d5000)

Polling page: 0x0000000102eae000

CodeCache: size=245760Kb used=8238Kb max_used=8238Kb free=237521Kb
 bounds [0x0000000111578000, 0x0000000111d88000, 0x0000000120578000]
 total_blobs=3349 nmethods=2673 adapters=589
 compilation: enabled

Compilation events (10 events):
Event: 38.269 Thread 0x00007fc3c3012000 2680       3       javafx.scene.Node$$Lambda$147/921872853::dispatchEvent (10 bytes)
Event: 38.269 Thread 0x00007fc3c3012000 nmethod 2680 0x0000000111d7e350 code [0x0000000111d7e500, 0x0000000111d7e998]
Event: 38.516 Thread 0x00007fc3c3012000 2681       3       java.util.Collections$UnmodifiableCollection::iterator (9 bytes)
Event: 38.521 Thread 0x00007fc3c3012000 nmethod 2681 0x0000000111d7dd10 code [0x0000000111d7dea0, 0x0000000111d7e208]
Event: 38.521 Thread 0x00007fc3c3012000 2682       3       java.util.Collections$UnmodifiableCollection$1::<init> (26 bytes)
Event: 38.521 Thread 0x00007fc3c3012000 nmethod 2682 0x0000000111d81a90 code [0x0000000111d81c00, 0x0000000111d81ec8]
Event: 38.536 Thread 0x00007fc3c3012000 2683       3       java.lang.Byte::valueOf (10 bytes)
Event: 38.536 Thread 0x00007fc3c3012000 nmethod 2683 0x0000000111d816d0 code [0x0000000111d81840, 0x0000000111d819b0]
Event: 38.536 Thread 0x00007fc3c3012000 2684       3       java.lang.invoke.MemberName::<init> (131 bytes)
Event: 38.539 Thread 0x00007fc3c3012000 nmethod 2684 0x0000000111d85e50 code [0x0000000111d86120, 0x0000000111d87518]

GC Heap History (4 events):
Event: 1.427 GC heap before
{Heap before GC invocations=1 (full 0):
 PSYoungGen      total 38400K, used 30652K [0x0000000795580000, 0x0000000798000000, 0x00000007c0000000)
  eden space 33280K, 92% used [0x0000000795580000,0x000000079736f3f8,0x0000000797600000)
  from space 5120K, 0% used [0x0000000797b00000,0x0000000797b00000,0x0000000798000000)
  to   space 5120K, 0% used [0x0000000797600000,0x0000000797600000,0x0000000797b00000)
 ParOldGen       total 87552K, used 0K [0x0000000740000000, 0x0000000745580000, 0x0000000795580000)
  object space 87552K, 0% used [0x0000000740000000,0x0000000740000000,0x0000000745580000)
 Metaspace       used 10855K, capacity 11202K, committed 11392K, reserved 1058816K
  class space    used 1240K, capacity 1354K, committed 1408K, reserved 1048576K
Event: 1.442 GC heap after
Heap after GC invocations=1 (full 0):
 PSYoungGen      total 38400K, used 5115K [0x0000000795580000, 0x000000079a080000, 0x00000007c0000000)
  eden space 33280K, 0% used [0x0000000795580000,0x0000000795580000,0x0000000797600000)
  from space 5120K, 99% used [0x0000000797600000,0x0000000797afefe0,0x0000000797b00000)
  to   space 5120K, 0% used [0x0000000799b80000,0x0000000799b80000,0x000000079a080000)
 ParOldGen       total 87552K, used 1525K [0x0000000740000000, 0x0000000745580000, 0x0000000795580000)
  object space 87552K, 1% used [0x0000000740000000,0x000000074017d580,0x0000000745580000)
 Metaspace       used 10855K, capacity 11202K, committed 11392K, reserved 1058816K
  class space    used 1240K, capacity 1354K, committed 1408K, reserved 1048576K
}
Event: 3.182 GC heap before
{Heap before GC invocations=2 (full 0):
 PSYoungGen      total 38400K, used 38395K [0x0000000795580000, 0x000000079a080000, 0x00000007c0000000)
  eden space 33280K, 100% used [0x0000000795580000,0x0000000797600000,0x0000000797600000)
  from space 5120K, 99% used [0x0000000797600000,0x0000000797afefe0,0x0000000797b00000)
  to   space 5120K, 0% used [0x0000000799b80000,0x0000000799b80000,0x000000079a080000)
 ParOldGen       total 87552K, used 1525K [0x0000000740000000, 0x0000000745580000, 0x0000000795580000)
  object space 87552K, 1% used [0x0000000740000000,0x000000074017d580,0x0000000745580000)
 Metaspace       used 17143K, capacity 17686K, committed 17792K, reserved 1064960K
  class space    used 2299K, capacity 2431K, committed 2432K, reserved 1048576K
Event: 3.197 GC heap after
Heap after GC invocations=2 (full 0):
 PSYoungGen      total 38400K, used 5093K [0x0000000795580000, 0x000000079a080000, 0x00000007c0000000)
  eden space 33280K, 0% used [0x0000000795580000,0x0000000795580000,0x0000000797600000)
  from space 5120K, 99% used [0x0000000799b80000,0x000000079a079770,0x000000079a080000)
  to   space 5120K, 0% used [0x0000000797600000,0x0000000797600000,0x0000000797b00000)
 ParOldGen       total 87552K, used 8521K [0x0000000740000000, 0x0000000745580000, 0x0000000795580000)
  object space 87552K, 9% used [0x0000000740000000,0x0000000740852590,0x0000000745580000)
 Metaspace       used 17143K, capacity 17686K, committed 17792K, reserved 1064960K
  class space    used 2299K, capacity 2431K, committed 2432K, reserved 1048576K
}

Deoptimization events (10 events):
Event: 2.562 Thread 0x00007fc3c2822800 Uncommon trap: reason=unstable_if action=reinterpret pc=0x000000011196bae8 method=java.lang.String.replace(CC)Ljava/lang/String; @ 26
Event: 3.068 Thread 0x00007fc3c2822800 Uncommon trap: reason=unstable_if action=reinterpret pc=0x0000000111854d30 method=java.lang.CharacterData.of(I)Ljava/lang/CharacterData; @ 4
Event: 3.148 Thread 0x00007fc3c2822800 Uncommon trap: reason=unstable_if action=reinterpret pc=0x0000000111ae0a70 method=java.util.HashMap.isEmpty()Z @ 4
Event: 3.152 Thread 0x00007fc3c2822800 Uncommon trap: reason=bimorphic action=maybe_recompile pc=0x00000001118a8f80 method=java.io.DataInputStream.readChar()C @ 4
Event: 3.152 Thread 0x00007fc3c2822800 Uncommon trap: reason=bimorphic action=maybe_recompile pc=0x00000001118a8f80 method=java.io.DataInputStream.readChar()C @ 4
Event: 3.152 Thread 0x00007fc3c2822800 Uncommon trap: reason=bimorphic action=maybe_recompile pc=0x00000001118a8f80 method=java.io.DataInputStream.readChar()C @ 4
Event: 3.152 Thread 0x00007fc3c2822800 Uncommon trap: reason=bimorphic action=maybe_recompile pc=0x00000001118a8f80 method=java.io.DataInputStream.readChar()C @ 4
Event: 4.459 Thread 0x00007fc3c2822800 Uncommon trap: reason=unstable_if action=reinterpret pc=0x0000000111b50ab4 method=jdk.internal.org.objectweb.asm.Type.getArgumentsAndReturnSizes(Ljava/lang/String;)I @ 47
Event: 4.465 Thread 0x00007fc3c2822800 Uncommon trap: reason=unstable_if action=reinterpret pc=0x0000000111af6434 method=java.util.WeakHashMap.expungeStaleEntries()V @ 9
Event: 5.626 Thread 0x00007fc3c2822800 Uncommon trap: reason=unstable_if action=reinterpret pc=0x0000000111c2ac98 method=com.sun.javafx.iio.png.PNGImageLoader2.decodePalette([BLcom/sun/javafx/iio/ImageMetadata;)Lcom/sun/javafx/iio/ImageFrame; @ 155

Internal exceptions (10 events):
Event: 0.158 Thread 0x00007fc3c3800800 Exception <a 'java/lang/NoSuchFieldError': method resolution failed> (0x000000079587a528) thrown at [/Users/java_re/workspace/8-2-build-macosx-x86_64/jdk8u51/3951/hotspot/src/share/vm/prims/methodHandles.cpp, line 1125]
Event: 0.160 Thread 0x00007fc3c3800800 Exception <a 'java/lang/NoSuchFieldError': method resolution failed> (0x0000000795888bf8) thrown at [/Users/java_re/workspace/8-2-build-macosx-x86_64/jdk8u51/3951/hotspot/src/share/vm/prims/methodHandles.cpp, line 1125]
Event: 0.180 Thread 0x00007fc3c3800800 Exception <a 'java/security/PrivilegedActionException'> (0x0000000795915290) thrown at [/Users/java_re/workspace/8-2-build-macosx-x86_64/jdk8u51/3951/hotspot/src/share/vm/prims/jvm.cpp, line 1382]
Event: 0.180 Thread 0x00007fc3c3800800 Exception <a 'java/security/PrivilegedActionException'> (0x0000000795915448) thrown at [/Users/java_re/workspace/8-2-build-macosx-x86_64/jdk8u51/3951/hotspot/src/share/vm/prims/jvm.cpp, line 1382]
Event: 0.180 Thread 0x00007fc3c3800800 Exception <a 'java/security/PrivilegedActionException'> (0x0000000795918638) thrown at [/Users/java_re/workspace/8-2-build-macosx-x86_64/jdk8u51/3951/hotspot/src/share/vm/prims/jvm.cpp, line 1382]
Event: 0.180 Thread 0x00007fc3c3800800 Exception <a 'java/security/PrivilegedActionException'> (0x00000007959187f0) thrown at [/Users/java_re/workspace/8-2-build-macosx-x86_64/jdk8u51/3951/hotspot/src/share/vm/prims/jvm.cpp, line 1382]
Event: 0.181 Thread 0x00007fc3c3800800 Exception <a 'java/lang/NullPointerException'> (0x0000000795918f88) thrown at [/Users/java_re/workspace/8-2-build-macosx-x86_64/jdk8u51/3951/hotspot/src/share/vm/interpreter/linkResolver.cpp, line 1178]
Event: 1.549 Thread 0x00007fc3c2822800 Exception <a 'java/lang/ArrayIndexOutOfBoundsException': 18> (0x0000000795ddffb8) thrown at [/Users/java_re/workspace/8-2-build-macosx-x86_64/jdk8u51/3951/hotspot/src/share/vm/interpreter/interpreterRuntime.cpp, line 366]
Event: 2.078 Thread 0x00007fc3c2822800 Exception <a 'java/lang/NullPointerException'> (0x00000007966d06a8) thrown at [/Users/java_re/workspace/8-2-build-macosx-x86_64/jdk8u51/3951/hotspot/src/share/vm/interpreter/linkResolver.cpp, line 1178]
Event: 2.078 Thread 0x00007fc3c2822800 Exception <a 'java/lang/NullPointerException'> (0x00000007966d06a8) thrown at [/Users/java_re/workspace/8-2-build-macosx-x86_64/jdk8u51/3951/hotspot/src/share/vm/prims/jvm.cpp, line 1386]

Events (10 events):
Event: 38.535 Thread 0x00007fc3c3800800 Thread exited: 0x00007fc3c3800800
Event: 38.535 Thread 0x00007fc3c3321800 Thread added: 0x00007fc3c3321800
Event: 38.535 loading class java/util/IdentityHashMap$KeySet
Event: 38.536 loading class java/util/IdentityHashMap$KeySet done
Event: 38.536 loading class java/util/IdentityHashMap$KeyIterator
Event: 38.536 loading class java/util/IdentityHashMap$IdentityHashMapIterator
Event: 38.536 loading class java/util/IdentityHashMap$IdentityHashMapIterator done
Event: 38.536 loading class java/util/IdentityHashMap$KeyIterator done
Event: 38.539 Thread 0x00007fc3c3321800 Thread exited: 0x00007fc3c3321800
Event: 38.539 Thread 0x00007fc3c2017000 Thread exited: 0x00007fc3c2017000


Dynamic libraries:
0x0000000009645000 	/System/Library/Frameworks/Cocoa.framework/Versions/A/Cocoa
0x0000000009645000 	/System/Library/Frameworks/Security.framework/Versions/A/Security
0x0000000009645000 	/System/Library/Frameworks/ApplicationServices.framework/Versions/A/ApplicationServices
0x0000000009645000 	/usr/lib/libz.1.dylib
0x0000000009645000 	/usr/lib/libSystem.B.dylib
0x0000000009645000 	/usr/lib/libobjc.A.dylib
0x0000000009645000 	/System/Library/Frameworks/CoreFoundation.framework/Versions/A/CoreFoundation
0x0000000009645000 	/System/Library/Frameworks/Foundation.framework/Versions/C/Foundation
0x0000000009645000 	/System/Library/Frameworks/AppKit.framework/Versions/C/AppKit
0x0000000009645000 	/System/Library/Frameworks/CoreData.framework/Versions/A/CoreData
0x0000000009645000 	/System/Library/PrivateFrameworks/RemoteViewServices.framework/Versions/A/RemoteViewServices
0x0000000009645000 	/System/Library/PrivateFrameworks/UIFoundation.framework/Versions/A/UIFoundation
0x0000000009645000 	/System/Library/PrivateFrameworks/DFRFoundation.framework/Versions/A/DFRFoundation
0x0000000009645000 	/usr/lib/libenergytrace.dylib
0x0000000009645000 	/System/Library/PrivateFrameworks/SkyLight.framework/Versions/A/SkyLight
0x0000000009645000 	/System/Library/Frameworks/CoreGraphics.framework/Versions/A/CoreGraphics
0x0000000009645000 	/usr/lib/libScreenReader.dylib
0x0000000009645000 	/System/Library/Frameworks/Accelerate.framework/Versions/A/Accelerate
0x0000000009645000 	/System/Library/Frameworks/IOSurface.framework/Versions/A/IOSurface
0x0000000009645000 	/System/Library/Frameworks/AudioToolbox.framework/Versions/A/AudioToolbox
0x0000000009645000 	/System/Library/Frameworks/AudioUnit.framework/Versions/A/AudioUnit
0x0000000009645000 	/System/Library/PrivateFrameworks/DataDetectorsCore.framework/Versions/A/DataDetectorsCore
0x0000000009645000 	/System/Library/PrivateFrameworks/DesktopServicesPriv.framework/Versions/A/DesktopServicesPriv
0x0000000009645000 	/System/Library/Frameworks/Carbon.framework/Versions/A/Frameworks/HIToolbox.framework/Versions/A/HIToolbox
0x0000000009645000 	/usr/lib/libicucore.A.dylib
0x0000000009645000 	/System/Library/Frameworks/QuartzCore.framework/Versions/A/QuartzCore
0x0000000009645000 	/System/Library/Frameworks/Carbon.framework/Versions/A/Frameworks/SpeechRecognition.framework/Versions/A/SpeechRecognition
0x0000000009645000 	/usr/lib/libauto.dylib
0x0000000009645000 	/usr/lib/libxml2.2.dylib
0x0000000009645000 	/System/Library/PrivateFrameworks/CoreUI.framework/Versions/A/CoreUI
0x0000000009645000 	/System/Library/Frameworks/CoreAudio.framework/Versions/A/CoreAudio
0x0000000009645000 	/System/Library/Frameworks/DiskArbitration.framework/Versions/A/DiskArbitration
0x0000000009645000 	/usr/lib/liblangid.dylib
0x0000000009645000 	/System/Library/PrivateFrameworks/MultitouchSupport.framework/Versions/A/MultitouchSupport
0x0000000009645000 	/System/Library/Frameworks/IOKit.framework/Versions/A/IOKit
0x0000000009645000 	/usr/lib/libDiagnosticMessagesClient.dylib
0x0000000009645000 	/System/Library/Frameworks/CoreServices.framework/Versions/A/CoreServices
0x0000000009645000 	/System/Library/PrivateFrameworks/PerformanceAnalysis.framework/Versions/A/PerformanceAnalysis
0x0000000009645000 	/System/Library/PrivateFrameworks/GenerationalStorage.framework/Versions/A/GenerationalStorage
0x0000000009645000 	/System/Library/Frameworks/OpenGL.framework/Versions/A/OpenGL
0x0000000009645000 	/System/Library/Frameworks/CoreImage.framework/Versions/A/CoreImage
0x0000000009645000 	/System/Library/Frameworks/CoreText.framework/Versions/A/CoreText
0x0000000009645000 	/System/Library/Frameworks/ImageIO.framework/Versions/A/ImageIO
0x0000000009645000 	/System/Library/PrivateFrameworks/Backup.framework/Versions/A/Backup
0x0000000009645000 	/usr/lib/libarchive.2.dylib
0x0000000009645000 	/System/Library/Frameworks/CFNetwork.framework/Versions/A/CFNetwork
0x0000000009645000 	/System/Library/Frameworks/SystemConfiguration.framework/Versions/A/SystemConfiguration
0x0000000009645000 	/usr/lib/libCRFSuite.dylib
0x0000000009645000 	/usr/lib/libc++.1.dylib
0x0000000009645000 	/usr/lib/libc++abi.dylib
0x0000000009645000 	/usr/lib/system/libcache.dylib
0x0000000009645000 	/usr/lib/system/libcommonCrypto.dylib
0x0000000009645000 	/usr/lib/system/libcompiler_rt.dylib
0x0000000009645000 	/usr/lib/system/libcopyfile.dylib
0x0000000009645000 	/usr/lib/system/libcorecrypto.dylib
0x0000000009645000 	/usr/lib/system/libdispatch.dylib
0x0000000009645000 	/usr/lib/system/libdyld.dylib
0x0000000009645000 	/usr/lib/system/libkeymgr.dylib
0x0000000009645000 	/usr/lib/system/liblaunch.dylib
0x0000000009645000 	/usr/lib/system/libmacho.dylib
0x0000000009645000 	/usr/lib/system/libquarantine.dylib
0x0000000009645000 	/usr/lib/system/libremovefile.dylib
0x0000000009645000 	/usr/lib/system/libsystem_asl.dylib
0x0000000009645000 	/usr/lib/system/libsystem_blocks.dylib
0x0000000009645000 	/usr/lib/system/libsystem_c.dylib
0x0000000009645000 	/usr/lib/system/libsystem_configuration.dylib
0x0000000009645000 	/usr/lib/system/libsystem_coreservices.dylib
0x0000000009645000 	/usr/lib/system/libsystem_coretls.dylib
0x0000000009645000 	/usr/lib/system/libsystem_dnssd.dylib
0x0000000009645000 	/usr/lib/system/libsystem_info.dylib
0x0000000009645000 	/usr/lib/system/libsystem_kernel.dylib
0x0000000009645000 	/usr/lib/system/libsystem_m.dylib
0x0000000009645000 	/usr/lib/system/libsystem_malloc.dylib
0x0000000009645000 	/usr/lib/system/libsystem_network.dylib
0x0000000009645000 	/usr/lib/system/libsystem_networkextension.dylib
0x0000000009645000 	/usr/lib/system/libsystem_notify.dylib
0x0000000009645000 	/usr/lib/system/libsystem_platform.dylib
0x0000000009645000 	/usr/lib/system/libsystem_pthread.dylib
0x0000000009645000 	/usr/lib/system/libsystem_sandbox.dylib
0x0000000009645000 	/usr/lib/system/libsystem_secinit.dylib
0x0000000009645000 	/usr/lib/system/libsystem_symptoms.dylib
0x0000000009645000 	/usr/lib/system/libsystem_trace.dylib
0x0000000009645000 	/usr/lib/system/libunwind.dylib
0x0000000009645000 	/usr/lib/system/libxpc.dylib
0x0000000009645000 	/usr/lib/libbsm.0.dylib
0x0000000009645000 	/usr/lib/system/libkxld.dylib
0x0000000009645000 	/usr/lib/libcoretls.dylib
0x0000000009645000 	/usr/lib/libcoretls_cfhelpers.dylib
0x0000000009645000 	/usr/lib/libxar.1.dylib
0x0000000009645000 	/usr/lib/libsqlite3.dylib
0x0000000009645000 	/usr/lib/libpam.2.dylib
0x0000000009645000 	/usr/lib/libOpenScriptingUtil.dylib
0x0000000009645000 	/usr/lib/libbz2.1.0.dylib
0x0000000009645000 	/usr/lib/liblzma.5.dylib
0x0000000009645000 	/usr/lib/libnetwork.dylib
0x0000000009645000 	/usr/lib/libpcap.A.dylib
0x0000000009645000 	/System/Library/Frameworks/CoreServices.framework/Versions/A/Frameworks/FSEvents.framework/Versions/A/FSEvents
0x0000000009645000 	/System/Library/Frameworks/CoreServices.framework/Versions/A/Frameworks/CarbonCore.framework/Versions/A/CarbonCore
0x0000000009645000 	/System/Library/Frameworks/CoreServices.framework/Versions/A/Frameworks/Metadata.framework/Versions/A/Metadata
0x0000000009645000 	/System/Library/Frameworks/CoreServices.framework/Versions/A/Frameworks/OSServices.framework/Versions/A/OSServices
0x0000000009645000 	/System/Library/Frameworks/CoreServices.framework/Versions/A/Frameworks/SearchKit.framework/Versions/A/SearchKit
0x0000000009645000 	/System/Library/Frameworks/CoreServices.framework/Versions/A/Frameworks/AE.framework/Versions/A/AE
0x0000000009645000 	/System/Library/Frameworks/CoreServices.framework/Versions/A/Frameworks/LaunchServices.framework/Versions/A/LaunchServices
0x0000000009645000 	/System/Library/Frameworks/CoreServices.framework/Versions/A/Frameworks/DictionaryServices.framework/Versions/A/DictionaryServices
0x0000000009645000 	/System/Library/Frameworks/CoreServices.framework/Versions/A/Frameworks/SharedFileList.framework/Versions/A/SharedFileList
0x0000000009645000 	/System/Library/Frameworks/NetFS.framework/Versions/A/NetFS
0x0000000009645000 	/System/Library/PrivateFrameworks/NetAuth.framework/Versions/A/NetAuth
0x0000000009645000 	/System/Library/PrivateFrameworks/login.framework/Versions/A/Frameworks/loginsupport.framework/Versions/A/loginsupport
0x0000000009645000 	/System/Library/PrivateFrameworks/TCC.framework/Versions/A/TCC
0x0000000009645000 	/usr/lib/libmecabra.dylib
0x0000000009645000 	/System/Library/Frameworks/ApplicationServices.framework/Versions/A/Frameworks/ATS.framework/Versions/A/ATS
0x0000000009645000 	/System/Library/Frameworks/ApplicationServices.framework/Versions/A/Frameworks/ColorSync.framework/Versions/A/ColorSync
0x0000000009645000 	/System/Library/Frameworks/ApplicationServices.framework/Versions/A/Frameworks/HIServices.framework/Versions/A/HIServices
0x0000000009645000 	/System/Library/Frameworks/ApplicationServices.framework/Versions/A/Frameworks/LangAnalysis.framework/Versions/A/LangAnalysis
0x0000000009645000 	/System/Library/Frameworks/ApplicationServices.framework/Versions/A/Frameworks/PrintCore.framework/Versions/A/PrintCore
0x0000000009645000 	/System/Library/Frameworks/ApplicationServices.framework/Versions/A/Frameworks/QD.framework/Versions/A/QD
0x0000000009645000 	/System/Library/Frameworks/ApplicationServices.framework/Versions/A/Frameworks/SpeechSynthesis.framework/Versions/A/SpeechSynthesis
0x0000000009645000 	/System/Library/Frameworks/Accelerate.framework/Versions/A/Frameworks/vImage.framework/Versions/A/vImage
0x0000000009645000 	/System/Library/Frameworks/Accelerate.framework/Versions/A/Frameworks/vecLib.framework/Versions/A/vecLib
0x0000000009645000 	/System/Library/Frameworks/Accelerate.framework/Versions/A/Frameworks/vecLib.framework/Versions/A/libvDSP.dylib
0x0000000009645000 	/System/Library/Frameworks/Accelerate.framework/Versions/A/Frameworks/vecLib.framework/Versions/A/libBNNS.dylib
0x0000000009645000 	/System/Library/Frameworks/Accelerate.framework/Versions/A/Frameworks/vecLib.framework/Versions/A/libQuadrature.dylib
0x0000000009645000 	/System/Library/Frameworks/Accelerate.framework/Versions/A/Frameworks/vecLib.framework/Versions/A/libvMisc.dylib
0x0000000009645000 	/System/Library/Frameworks/Accelerate.framework/Versions/A/Frameworks/vecLib.framework/Versions/A/libLAPACK.dylib
0x0000000009645000 	/System/Library/Frameworks/Accelerate.framework/Versions/A/Frameworks/vecLib.framework/Versions/A/libBLAS.dylib
0x0000000009645000 	/System/Library/Frameworks/Accelerate.framework/Versions/A/Frameworks/vecLib.framework/Versions/A/libLinearAlgebra.dylib
0x0000000009645000 	/System/Library/Frameworks/Accelerate.framework/Versions/A/Frameworks/vecLib.framework/Versions/A/libSparseBLAS.dylib
0x0000000009645000 	/System/Library/Frameworks/ApplicationServices.framework/Versions/A/Frameworks/ATS.framework/Versions/A/Resources/libFontParser.dylib
0x0000000009645000 	/System/Library/Frameworks/ApplicationServices.framework/Versions/A/Frameworks/ATS.framework/Versions/A/Resources/libFontRegistry.dylib
0x0000000009645000 	/System/Library/Frameworks/ImageIO.framework/Versions/A/Resources/libJPEG.dylib
0x0000000009645000 	/System/Library/Frameworks/ImageIO.framework/Versions/A/Resources/libTIFF.dylib
0x0000000009645000 	/System/Library/Frameworks/ImageIO.framework/Versions/A/Resources/libPng.dylib
0x0000000009645000 	/System/Library/Frameworks/ImageIO.framework/Versions/A/Resources/libGIF.dylib
0x0000000009645000 	/System/Library/Frameworks/ImageIO.framework/Versions/A/Resources/libJP2.dylib
0x0000000009645000 	/System/Library/Frameworks/ImageIO.framework/Versions/A/Resources/libRadiance.dylib
0x0000000009645000 	/usr/lib/libcompression.dylib
0x0000000009645000 	/System/Library/PrivateFrameworks/AppleJPEG.framework/Versions/A/AppleJPEG
0x0000000009645000 	/usr/lib/libcups.2.dylib
0x0000000009645000 	/System/Library/Frameworks/Kerberos.framework/Versions/A/Kerberos
0x0000000009645000 	/System/Library/Frameworks/GSS.framework/Versions/A/GSS
0x0000000009645000 	/usr/lib/libresolv.9.dylib
0x0000000009645000 	/usr/lib/libiconv.2.dylib
0x0000000009645000 	/System/Library/PrivateFrameworks/Heimdal.framework/Versions/A/Heimdal
0x0000000009645000 	/usr/lib/libheimdal-asn1.dylib
0x0000000009645000 	/System/Library/Frameworks/OpenDirectory.framework/Versions/A/OpenDirectory
0x0000000009645000 	/System/Library/PrivateFrameworks/CommonAuth.framework/Versions/A/CommonAuth
0x0000000009645000 	/System/Library/Frameworks/OpenDirectory.framework/Versions/A/Frameworks/CFOpenDirectory.framework/Versions/A/CFOpenDirectory
0x0000000009645000 	/System/Library/Frameworks/SecurityFoundation.framework/Versions/A/SecurityFoundation
0x0000000009645000 	/System/Library/PrivateFrameworks/LanguageModeling.framework/Versions/A/LanguageModeling
0x0000000009645000 	/usr/lib/libmarisa.dylib
0x0000000009645000 	/usr/lib/libChineseTokenizer.dylib
0x0000000009645000 	/usr/lib/libcmph.dylib
0x0000000009645000 	/System/Library/PrivateFrameworks/CoreEmoji.framework/Versions/A/CoreEmoji
0x0000000009645000 	/System/Library/Frameworks/ServiceManagement.framework/Versions/A/ServiceManagement
0x0000000009645000 	/usr/lib/libxslt.1.dylib
0x0000000009645000 	/System/Library/Frameworks/Carbon.framework/Versions/A/Frameworks/Ink.framework/Versions/A/Ink
0x0000000009645000 	/System/Library/PrivateFrameworks/TextureIO.framework/Versions/A/TextureIO
0x0000000009645000 	/System/Library/Frameworks/Metal.framework/Versions/A/Metal
0x0000000009645000 	/usr/lib/libate.dylib
0x0000000009645000 	/System/Library/PrivateFrameworks/GPUCompiler.framework/libmetal_timestamp.dylib
0x0000000009645000 	/System/Library/Frameworks/OpenGL.framework/Versions/A/Libraries/libCoreFSCache.dylib
0x0000000009645000 	/System/Library/PrivateFrameworks/IOAccelerator.framework/Versions/A/IOAccelerator
0x0000000009645000 	/System/Library/Frameworks/CoreVideo.framework/Versions/A/CoreVideo
0x0000000009645000 	/usr/lib/libFosl_dynamic.dylib
0x0000000009645000 	/System/Library/PrivateFrameworks/MetalPerformanceShaders.framework/Versions/A/MetalPerformanceShaders
0x0000000009645000 	/System/Library/PrivateFrameworks/FaceCore.framework/Versions/A/FaceCore
0x0000000009645000 	/System/Library/Frameworks/OpenCL.framework/Versions/A/OpenCL
0x0000000009645000 	/System/Library/Frameworks/OpenGL.framework/Versions/A/Libraries/libGLU.dylib
0x0000000009645000 	/System/Library/Frameworks/OpenGL.framework/Versions/A/Libraries/libGFXShared.dylib
0x0000000009645000 	/System/Library/Frameworks/OpenGL.framework/Versions/A/Libraries/libGL.dylib
0x0000000009645000 	/System/Library/Frameworks/OpenGL.framework/Versions/A/Libraries/libGLImage.dylib
0x0000000009645000 	/System/Library/Frameworks/OpenGL.framework/Versions/A/Libraries/libCVMSPluginSupport.dylib
0x0000000009645000 	/System/Library/Frameworks/OpenGL.framework/Versions/A/Libraries/libCoreVMClient.dylib
0x0000000009645000 	/System/Library/PrivateFrameworks/CrashReporterSupport.framework/Versions/A/CrashReporterSupport
0x0000000009645000 	/System/Library/PrivateFrameworks/Sharing.framework/Versions/A/Sharing
0x0000000009645000 	/System/Library/PrivateFrameworks/IconServices.framework/Versions/A/IconServices
0x0000000009645000 	/System/Library/PrivateFrameworks/ProtocolBuffer.framework/Versions/A/ProtocolBuffer
0x0000000009645000 	/System/Library/PrivateFrameworks/Apple80211.framework/Versions/A/Apple80211
0x0000000009645000 	/System/Library/Frameworks/CoreWLAN.framework/Versions/A/CoreWLAN
0x0000000009645000 	/System/Library/PrivateFrameworks/CoreUtils.framework/Versions/A/CoreUtils
0x0000000009645000 	/System/Library/Frameworks/IOBluetooth.framework/Versions/A/IOBluetooth
0x0000000009645000 	/System/Library/PrivateFrameworks/CoreWiFi.framework/Versions/A/CoreWiFi
0x0000000009645000 	/System/Library/Frameworks/CoreBluetooth.framework/Versions/A/CoreBluetooth
0x0000000009645000 	/System/Library/Frameworks/CoreDisplay.framework/Versions/A/CoreDisplay
0x0000000009645000 	/System/Library/PrivateFrameworks/IOPresentment.framework/Versions/A/IOPresentment
0x0000000009645000 	/System/Library/PrivateFrameworks/DebugSymbols.framework/Versions/A/DebugSymbols
0x0000000009645000 	/System/Library/PrivateFrameworks/CoreSymbolication.framework/Versions/A/CoreSymbolication
0x0000000009645000 	/System/Library/PrivateFrameworks/Symbolication.framework/Versions/A/Symbolication
0x0000000009645000 	/System/Library/PrivateFrameworks/AppleFSCompression.framework/Versions/A/AppleFSCompression
0x0000000009645000 	/System/Library/PrivateFrameworks/SpeechRecognitionCore.framework/Versions/A/SpeechRecognitionCore
0x0000000009645000 	/System/Library/PrivateFrameworks/ChunkingLibrary.framework/Versions/A/ChunkingLibrary
0x0000000103800000 	/Library/Java/JavaVirtualMachines/jdk1.8.0_51.jdk/Contents/Home/jre/lib/server/libjvm.dylib
0x0000000009645000 	/usr/lib/libstdc++.6.dylib
0x0000000102e6b000 	/Library/Java/JavaVirtualMachines/jdk1.8.0_51.jdk/Contents/Home/jre/lib/libverify.dylib
0x0000000102e79000 	/Library/Java/JavaVirtualMachines/jdk1.8.0_51.jdk/Contents/Home/jre/lib/libjava.dylib
0x0000000102eb8000 	/Library/Java/JavaVirtualMachines/jdk1.8.0_51.jdk/Contents/Home/jre/lib/libzip.dylib
0x0000000102fe3000 	/System/Library/Frameworks/JavaVM.framework/Frameworks/JavaRuntimeSupport.framework/JavaRuntimeSupport
0x000000010afab000 	/System/Library/Frameworks/JavaVM.framework/Versions/A/Frameworks/JavaNativeFoundation.framework/Versions/A/JavaNativeFoundation
0x000000010afc0000 	/System/Library/Frameworks/JavaVM.framework/Versions/A/JavaVM
0x0000000009645000 	/System/Library/Frameworks/Carbon.framework/Versions/A/Carbon
0x000000010afcd000 	/System/Library/PrivateFrameworks/JavaLaunching.framework/Versions/A/JavaLaunching
0x0000000009645000 	/System/Library/Frameworks/Carbon.framework/Versions/A/Frameworks/CommonPanels.framework/Versions/A/CommonPanels
0x0000000009645000 	/System/Library/Frameworks/Carbon.framework/Versions/A/Frameworks/Help.framework/Versions/A/Help
0x0000000009645000 	/System/Library/Frameworks/Carbon.framework/Versions/A/Frameworks/ImageCapture.framework/Versions/A/ImageCapture
0x0000000009645000 	/System/Library/Frameworks/Carbon.framework/Versions/A/Frameworks/OpenScripting.framework/Versions/A/OpenScripting
0x0000000009645000 	/System/Library/Frameworks/Carbon.framework/Versions/A/Frameworks/Print.framework/Versions/A/Print
0x0000000009645000 	/System/Library/Frameworks/Carbon.framework/Versions/A/Frameworks/SecurityHI.framework/Versions/A/SecurityHI
0x000000010c977000 	/Library/Java/JavaVirtualMachines/jdk1.8.0_51.jdk/Contents/Home/jre/lib/libprism_es2.dylib
0x0000000009645000 	/System/Library/Frameworks/OpenGL.framework/Versions/A/Resources/GLEngine.bundle/GLEngine
0x0000000009645000 	/System/Library/Frameworks/OpenGL.framework/Versions/A/Libraries/libGLProgrammability.dylib
0x000000010c9d4000 	/System/Library/Extensions/AppleIntelBDWGraphicsGLDriver.bundle/Contents/MacOS/AppleIntelBDWGraphicsGLDriver
0x0000000009645000 	/System/Library/PrivateFrameworks/GPUSupport.framework/Versions/A/Libraries/libGPUSupportMercury.dylib
0x0000000009645000 	/System/Library/Frameworks/OpenGL.framework/Versions/A/Resources/GLRendererFloat.bundle/GLRendererFloat
0x0000000009645000 	/System/Library/Frameworks/OpenCL.framework/Versions/A/Libraries/libcldcpuengine.dylib
0x0000000009645000 	/usr/lib/libcrypto.0.9.8.dylib
0x0000000009645000 	/System/Library/PrivateFrameworks/TrustEvaluationAgent.framework/Versions/A/TrustEvaluationAgent
0x000000010d522000 	/Library/Java/JavaVirtualMachines/jdk1.8.0_51.jdk/Contents/Home/jre/lib/libglass.dylib
0x0000000009645000 	/System/Library/PrivateFrameworks/CoreServicesInternal.framework/Versions/A/CoreServicesInternal
0x0000000009645000 	/System/Library/CoreServices/RawCamera.bundle/Contents/MacOS/RawCamera
0x0000000009645000 	/System/Library/Frameworks/Accelerate.framework/Versions/A/Frameworks/vImage.framework/Versions/A/Libraries/libCGInterfaces.dylib
0x0000000009645000 	/System/Library/PrivateFrameworks/FamilyControls.framework/Versions/A/FamilyControls
0x0000000009645000 	/System/Library/PrivateFrameworks/CommerceKit.framework/Versions/A/Frameworks/CommerceCore.framework/Versions/A/CommerceCore
0x0000000009645000 	/System/Library/PrivateFrameworks/SystemAdministration.framework/Versions/A/SystemAdministration
0x0000000009645000 	/System/Library/PrivateFrameworks/AppContainer.framework/Versions/A/AppContainer
0x0000000009645000 	/System/Library/PrivateFrameworks/SecCodeWrapper.framework/Versions/A/SecCodeWrapper
0x0000000009645000 	/System/Library/Frameworks/DirectoryService.framework/Versions/A/DirectoryService
0x0000000009645000 	/System/Library/PrivateFrameworks/DiskImages.framework/Versions/A/DiskImages
0x0000000009645000 	/System/Library/PrivateFrameworks/LoginUIKit.framework/Versions/A/Frameworks/LoginUICore.framework/Versions/A/LoginUICore
0x0000000009645000 	/usr/lib/libCoreStorage.dylib
0x0000000009645000 	/usr/lib/libcsfde.dylib
0x0000000009645000 	/usr/lib/libodfde.dylib
0x0000000009645000 	/System/Library/Frameworks/DiscRecording.framework/Versions/A/DiscRecording
0x0000000009645000 	/usr/lib/libcurl.4.dylib
0x0000000009645000 	/System/Library/PrivateFrameworks/MediaKit.framework/Versions/A/MediaKit
0x0000000009645000 	/System/Library/PrivateFrameworks/ProtectedCloudStorage.framework/Versions/A/ProtectedCloudStorage
0x0000000009645000 	/System/Library/PrivateFrameworks/EFILogin.framework/Versions/A/EFILogin
0x0000000009645000 	/usr/lib/libutil.dylib
0x0000000009645000 	/System/Library/Frameworks/LDAP.framework/Versions/A/LDAP
0x0000000009645000 	/usr/lib/libsasl2.2.dylib
0x0000000009645000 	/System/Library/PrivateFrameworks/CoreDaemon.framework/Versions/B/CoreDaemon
0x0000000009645000 	/System/Library/PrivateFrameworks/AppleSRP.framework/Versions/A/AppleSRP
0x0000000009645000 	/System/Library/PrivateFrameworks/APFS.framework/Versions/A/APFS
0x0000000110161000 	/Library/Java/JavaVirtualMachines/jdk1.8.0_51.jdk/Contents/Home/jre/lib/libsunec.dylib
0x00000001101bf000 	/Library/Java/JavaVirtualMachines/jdk1.8.0_51.jdk/Contents/Home/jre/lib/libnet.dylib
0x00000001110e9000 	/Library/Java/JavaVirtualMachines/jdk1.8.0_51.jdk/Contents/Home/jre/lib/libjavafx_font.dylib
0x0000000009645000 	/System/Library/Frameworks/ApplicationServices.framework/Versions/A/Frameworks/ATS.framework/Versions/A/Resources/libTrueTypeScaler.dylib
0x0000000121073000 	/System/Library/Extensions/AppleIntelBDWGraphicsMTLDriver.bundle/Contents/MacOS/AppleIntelBDWGraphicsMTLDriver
0x0000000009645000 	/System/Library/PrivateFrameworks/ViewBridge.framework/Versions/A/ViewBridge
0x0000000009645000 	/System/Library/PrivateFrameworks/XPCService.framework/Versions/A/XPCService
0x0000000009645000 	/System/Library/PrivateFrameworks/AppSandbox.framework/Versions/A/AppSandbox
0x0000000009645000 	/usr/lib/libsandbox.1.dylib
0x0000000009645000 	/usr/lib/libMatch.1.dylib
0x0000000110da5000 	/Library/Java/JavaVirtualMachines/jdk1.8.0_51.jdk/Contents/Home/jre/lib/libprism_common.dylib

VM Arguments:
jvm_args: -Dfile.encoding=UTF-8 
java_command: application.JavaFX_Pagination
java_class_path (initial): /Users/amandahinchman/Documents/workspace/LeanTechnique/bin:/Applications/Eclipse.app/Contents/Eclipse/plugins/org.eclipse.fx.ide.css.jfx8_2.4.0.201605112122.jar:/Users/amandahinchman/Documents/workspace/LeanTechnique/java-json.jar:/Users/amandahinchman/Documents/workspace/LeanTechnique/gson-master:/Users/amandahinchman/Documents/workspace/LeanTechnique/gson-master/gson/target/gson-2.8.1-SNAPSHOT.jar:/Users/amandahinchman/Documents/workspace/tool-url-expander
Launcher Type: SUN_STANDARD

Environment Variables:
PATH=/usr/bin:/bin:/usr/sbin:/sbin
SHELL=/bin/bash

Signal Handlers:
SIGSEGV: [libjvm.dylib+0x58ef35], sa_mask[0]=11111111011111110111111111111111, sa_flags=SA_ONSTACK|SA_RESTART|SA_SIGINFO
SIGBUS: [libjvm.dylib+0x58ef35], sa_mask[0]=11111111011111110111111111111111, sa_flags=SA_RESTART|SA_SIGINFO
SIGFPE: [libjvm.dylib+0x46c028], sa_mask[0]=11111111011111110111111111111111, sa_flags=SA_RESTART|SA_SIGINFO
SIGPIPE: [libjvm.dylib+0x46c028], sa_mask[0]=11111111011111110111111111111111, sa_flags=SA_RESTART|SA_SIGINFO
SIGXFSZ: [libjvm.dylib+0x46c028], sa_mask[0]=11111111011111110111111111111111, sa_flags=SA_RESTART|SA_SIGINFO
SIGILL: [libjvm.dylib+0x46c028], sa_mask[0]=11111111011111110111111111111111, sa_flags=SA_RESTART|SA_SIGINFO
SIGUSR1: SIG_DFL, sa_mask[0]=00000000000000000000000000000000, sa_flags=none
SIGUSR2: [libjvm.dylib+0x46bb46], sa_mask[0]=00100000000000000000000000000000, sa_flags=SA_RESTART|SA_SIGINFO
SIGHUP: [libjvm.dylib+0x46a119], sa_mask[0]=11111111011111110111111111111111, sa_flags=SA_RESTART|SA_SIGINFO
SIGINT: [libjvm.dylib+0x46a119], sa_mask[0]=11111111011111110111111111111111, sa_flags=SA_RESTART|SA_SIGINFO
SIGTERM: [libjvm.dylib+0x46a119], sa_mask[0]=11111111011111110111111111111111, sa_flags=SA_RESTART|SA_SIGINFO
SIGQUIT: [libjvm.dylib+0x46a119], sa_mask[0]=11111111011111110111111111111111, sa_flags=SA_RESTART|SA_SIGINFO


---------------  S Y S T E M  ---------------

OS:Bsduname:Darwin 16.4.0 Darwin Kernel Version 16.4.0: Thu Dec 22 22:53:21 PST 2016; root:xnu-3789.41.3~3/RELEASE_X86_64 x86_64
rlimit: STACK 8192k, CORE 0k, NPROC 709, NOFILE 10240, AS infinity
load average:2.41 2.21 2.07

CPU:total 4 (2 cores per cpu, 2 threads per core) family 6 model 61 stepping 4, cmov, cx8, fxsr, mmx, sse, sse2, sse3, ssse3, sse4.1, sse4.2, popcnt, avx, avx2, aes, clmul, erms, 3dnowpref, lzcnt, ht, tsc, tscinvbit, bmi1, bmi2, adx

Memory: 4k page, physical 8388608k(187208k free)

/proc/meminfo:


vm_info: Java HotSpot(TM) 64-Bit Server VM (25.51-b03) for bsd-amd64 JRE (1.8.0_51-b16), built on Jun  8 2015 18:01:11 by "java_re" with gcc 4.2.1 (Based on Apple Inc. build 5658) (LLVM build 2336.11.00)

time: Sun Jun  4 21:53:03 2017
elapsed time: 38 seconds (0d 0h 0m 38s)

