#
# A fatal error has been detected by the Java Runtime Environment:
#
#  SIGSEGV (0xb) at pc=0x0000000108a5f5dd, pid=82617, tid=775
#
# JRE version: Java(TM) SE Runtime Environment (8.0_51-b16) (build 1.8.0_51-b16)
# Java VM: Java HotSpot(TM) 64-Bit Server VM (25.51-b03 mixed mode bsd-amd64 compressed oops)
# Problematic frame:
# C  [libglass.dylib+0x155dd]  GlassScreenDidChangeScreenParameters+0x9d
#
# Failed to write core dump. Core dumps have been disabled. To enable core dumping, try "ulimit -c unlimited" before starting Java again
#
# If you would like to submit a bug report, please visit:
#   http://bugreport.java.com/bugreport/crash.jsp
#

---------------  T H R E A D  ---------------

Current thread is native thread

siginfo: si_signo: 11 (SIGSEGV), si_code: 1 (SEGV_MAPERR), si_addr: 0x0000000000000000

Registers:
RAX=0x0000000108a91bc0, RBX=0x0000000000000000, RCX=0x0000000000000103, RDX=0x00007ffbf7e907e0
RSP=0x00007fff5c02ea00, RBP=0x00007fff5c02ea10, RSI=0x00007ffbf7c0e7e0, RDI=0x0000000000000000
R8 =0x0000000000000040, R9 =0x00007fff9d7b2040, R10=0xffffffffffffffff, R11=0x0000000000012068
R12=0x0000000000000000, R13=0x00007ffbf7e45ca0, R14=0x00007ffbf7f3c730, R15=0x0000000000000000
RIP=0x0000000108a5f5dd, EFLAGS=0x0000000000010202, ERR=0x0000000000000004
  TRAPNO=0x000000000000000e

Top of Stack: (sp=0x00007fff5c02ea00)
0x00007fff5c02ea00:   00007ffbf7e44ff0 00007ffbf7f3c730
0x00007fff5c02ea10:   00007fff5c02ea20 00007fff7f44ea6c
0x00007fff5c02ea20:   00007fff5c02ea90 00007fff7f44e96b
0x00007fff5c02ea30:   0000000103bea000 00007fff9d7ad060
0x00007fff5c02ea40:   00000000c2000000 00007fff7f44e9c0
0x00007fff5c02ea50:   00007fff9a0f5680 00007ffbf7e45ca0
0x00007fff5c02ea60:   00007ffbf7f3c730 00007fff5c02f258
0x00007fff5c02ea70:   00007fff94094b40 00007fff5c02eb60
0x00007fff5c02ea80:   00007ffbf7e45ca0 00007fff7db82966
0x00007fff5c02ea90:   00007fff5c02ead0 00007fff7f44e6d2
0x00007fff5c02eaa0:   00007fff5c02f0a0 0000000000000000
0x00007fff5c02eab0:   00007fff94094b40 00007fff5c02eb60
0x00007fff5c02eac0:   00007fff5c02f258 00007fff7db82966
0x00007fff5c02ead0:   00007fff5c02f1f0 00007fff7f40bd63
0x00007fff5c02eae0:   00007fff5c02eb00 00007fff7f3cdf70
0x00007fff5c02eaf0:   00007ffbf7d5ac40 00007fff5c02f140
0x00007fff5c02eb00:   00007ffbf7e054a0 00007fff9a0f6cb0
0x00007fff5c02eb10:   0000000000000000 00007ffbf8121048
0x00007fff5c02eb20:   00007ffbf7e05401 00007ffbf7f24c60
0x00007fff5c02eb30:   00007fff9a2290c0 0000000000000000
0x00007fff5c02eb40:   00007ffbf7e45ce0 0000000000000000
0x00007fff5c02eb50:   0000000000000000 00007fff9a1358e0
0x00007fff5c02eb60:   00007fff5c02f0a0 0000000000000001
0x00007fff5c02eb70:   0000000000000100 00007fff5c02eb00
0x00007fff5c02eb80:   00007fff5c02efa0 0000000000000000
0x00007fff5c02eb90:   0000000000000100 00007fff9a136e00
0x00007fff5c02eba0:   00007fff5c02f140 0000000000000001
0x00007fff5c02ebb0:   00007fff5c02ebf0 00007fff7f406a0c
0x00007fff5c02ebc0:   000000000000000d 00007ffbf7d5ac40
0x00007fff5c02ebd0:   00007ffbf7d5ac40 00007fff9a136e60
0x00007fff5c02ebe0:   00007ffbf7c03390 0000000000000001
0x00007fff5c02ebf0:   00007fff5c02f270 00007fff7f406529 

Instructions: (pc=0x0000000108a5f5dd)
0x0000000108a5f5bd:   89 df 4c 89 f1 41 ff 90 68 04 00 00 48 8d 05 f8
0x0000000108a5f5cd:   24 03 00 48 8b 30 48 8d 05 e6 25 03 00 48 8b 10
0x0000000108a5f5dd:   48 8b 0b 30 c0 48 89 df ff 91 68 04 00 00 48 8b
0x0000000108a5f5ed:   03 48 89 df ff 50 78 48 85 c0 74 36 49 89 c6 48 

Register to memory mapping:

RAX=0x0000000108a91bc0: jScreenNotifySettingsChanged+0 in /Library/Java/JavaVirtualMachines/jdk1.8.0_51.jdk/Contents/Home/jre/lib/libglass.dylib at 0x0000000108a4a000
RBX=0x0000000000000000 is an unknown value
RCX=0x0000000000000103 is an unknown value
RDX=0x00007ffbf7e907e0 is an unknown value
RSP=0x00007fff5c02ea00 is an unknown value
RBP=0x00007fff5c02ea10 is an unknown value
RSI=0x00007ffbf7c0e7e0 is a global jni handle
RDI=0x0000000000000000 is an unknown value
R8 =0x0000000000000040 is an unknown value
R9 =0x00007fff9d7b2040: __sFX+0x1c0 in /usr/lib/system/libsystem_c.dylib at 0x00007fff949bb000
R10=0xffffffffffffffff is an unknown value
R11=0x0000000000012068 is an unknown value
R12=0x0000000000000000 is an unknown value
R13=0x00007ffbf7e45ca0 is an unknown value
R14=0x00007ffbf7f3c730 is an unknown value
R15=0x0000000000000000 is an unknown value


Stack: [0x00007fff5b832000,0x00007fff5c032000],  sp=0x00007fff5c02ea00,  free space=8178k
Native frames: (J=compiled Java code, j=interpreted, Vv=VM code, C=native code)
C  [libglass.dylib+0x155dd]  GlassScreenDidChangeScreenParameters+0x9d
C  [CoreFoundation+0x9da6c]  __CFNOTIFICATIONCENTER_IS_CALLING_OUT_TO_AN_OBSERVER__+0xc
C  [CoreFoundation+0x9d96b]  _CFXRegistrationPost+0x1ab
C  [CoreFoundation+0x9d6d2]  ___CFXNotificationPost_block_invoke+0x32
C  [CoreFoundation+0x5ad63]  -[_CFXNotificationRegistrar find:object:observer:enumerator:]+0x723
C  [CoreFoundation+0x59d9c]  _CFXNotificationPost+0x25c
C  [Foundation+0x6a37]  -[NSNotificationCenter postNotificationName:object:userInfo:]+0x42
C  [AppKit+0x3f1386]  -[NSApplication _reactToScreenInvalidationImmediately:]+0x18f
C  [AppKit+0x3f11c3]  __44-[NSApplication _reactToScreenInvalidation:]_block_invoke+0x3b
C  [CoreFoundation+0xa77dc]  __CFRUNLOOP_IS_CALLING_OUT_TO_A_BLOCK__+0xc
C  [CoreFoundation+0x887e4]  __CFRunLoopDoBlocks+0x164
C  [CoreFoundation+0x88326]  __CFRunLoopRun+0x756
C  [CoreFoundation+0x87974]  CFRunLoopRunSpecific+0x1a4
C  [java+0x6463]  CreateExecutionEnvironment+0x367
C  [java+0x21ac]  JLI_Launch+0x7a0
C  [java+0x84c0]  main+0x65
C  [java+0x1a04]  start+0x34


---------------  P R O C E S S  ---------------

VM state:at safepoint (normal execution)

VM Mutex/Monitor currently owned by a thread:  ([mutex/lock_event])
[0x00007ffbf7f04f30] Threads_lock - owner thread: 0x00007ffbf800c800
[0x00007ffbf7f05430] Heap_lock - owner thread: 0x00007ffbfe890000

Heap:
 PSYoungGen      total 38400K, used 16893K [0x0000000795580000, 0x0000000798000000, 0x00000007c0000000)
  eden space 33280K, 35% used [0x0000000795580000,0x0000000796107320,0x0000000797600000)
  from space 5120K, 99% used [0x0000000797b00000,0x0000000797ff81d0,0x0000000798000000)
  to   space 5120K, 0% used [0x0000000797600000,0x0000000797600000,0x0000000797b00000)
 ParOldGen       total 87552K, used 2647K [0x0000000740000000, 0x0000000745580000, 0x0000000795580000)
  object space 87552K, 3% used [0x0000000740000000,0x0000000740295c30,0x0000000745580000)
 Metaspace       used 17250K, capacity 17876K, committed 18048K, reserved 1064960K
  class space    used 2223K, capacity 2372K, committed 2432K, reserved 1048576K

Card table byte_map: [0x0000000105929000,0x0000000105d2a000] byte_map_base: 0x0000000101f29000

Marking Bits: (ParMarkBitMap*) 0x0000000104ec27a0
 Begin Bits: [0x0000000117df7000, 0x0000000119df7000)
 End Bits:   [0x0000000119df7000, 0x000000011bdf7000)

Polling page: 0x0000000103c8e000

CodeCache: size=245760Kb used=6250Kb max_used=6286Kb free=239509Kb
 bounds [0x0000000108df7000, 0x0000000109427000, 0x0000000117df7000]
 total_blobs=2491 nmethods=1827 adapters=577
 compilation: enabled

Compilation events (10 events):
Event: 15413.322 Thread 0x00007ffbf8852000 1882       3       javafx.collections.ListChangeBuilder::commit (517 bytes)
Event: 15413.329 Thread 0x00007ffbf8852000 nmethod 1882 0x0000000108ff0d90 code [0x0000000108ff1240, 0x0000000108ff4498]
Event: 15467.417 Thread 0x00007ffbf8852000 1883       1       com.sun.javafx.event.BasicEventDispatcher::getPreviousDispatcher (5 bytes)
Event: 15467.418 Thread 0x00007ffbf8852000 nmethod 1883 0x0000000108f8d910 code [0x0000000108f8da60, 0x0000000108f8db70]
Event: 15467.434 Thread 0x00007ffbf8852000 1884       3       java.lang.invoke.MethodHandles$Lookup::checkSecurityManager (87 bytes)
Event: 15467.436 Thread 0x00007ffbf8852000 nmethod 1884 0x00000001094205d0 code [0x00000001094208a0, 0x0000000109421c78]
Event: 15467.439 Thread 0x00007ffbf8852000 1885       3       jdk.internal.org.objectweb.asm.ClassWriter::<init> (122 bytes)
Event: 15467.440 Thread 0x00007ffbf8852000 nmethod 1885 0x0000000108ef9410 code [0x0000000108ef9620, 0x0000000108efa068]
Event: 15467.443 Thread 0x00007ffbf8852000 1886       3       jdk.internal.org.objectweb.asm.ClassVisitor::<init> (7 bytes)
Event: 15467.443 Thread 0x00007ffbf8852000 nmethod 1886 0x0000000108f2ea90 code [0x0000000108f2ec20, 0x0000000108f2ef88]

GC Heap History (4 events):
Event: 31.085 GC heap before
{Heap before GC invocations=1 (full 0):
 PSYoungGen      total 38400K, used 33280K [0x0000000795580000, 0x0000000798000000, 0x00000007c0000000)
  eden space 33280K, 100% used [0x0000000795580000,0x0000000797600000,0x0000000797600000)
  from space 5120K, 0% used [0x0000000797b00000,0x0000000797b00000,0x0000000798000000)
  to   space 5120K, 0% used [0x0000000797600000,0x0000000797600000,0x0000000797b00000)
 ParOldGen       total 87552K, used 0K [0x0000000740000000, 0x0000000745580000, 0x0000000795580000)
  object space 87552K, 0% used [0x0000000740000000,0x0000000740000000,0x0000000745580000)
 Metaspace       used 14861K, capacity 15376K, committed 15744K, reserved 1062912K
  class space    used 1946K, capacity 2091K, committed 2176K, reserved 1048576K
Event: 31.094 GC heap after
Heap after GC invocations=1 (full 0):
 PSYoungGen      total 38400K, used 5088K [0x0000000795580000, 0x0000000798000000, 0x00000007c0000000)
  eden space 33280K, 0% used [0x0000000795580000,0x0000000795580000,0x0000000797600000)
  from space 5120K, 99% used [0x0000000797600000,0x0000000797af8200,0x0000000797b00000)
  to   space 5120K, 0% used [0x0000000797b00000,0x0000000797b00000,0x0000000798000000)
 ParOldGen       total 87552K, used 887K [0x0000000740000000, 0x0000000745580000, 0x0000000795580000)
  object space 87552K, 1% used [0x0000000740000000,0x00000007400ddd40,0x0000000745580000)
 Metaspace       used 14861K, capacity 15376K, committed 15744K, reserved 1062912K
  class space    used 1946K, capacity 2091K, committed 2176K, reserved 1048576K
}
Event: 365.857 GC heap before
{Heap before GC invocations=2 (full 0):
 PSYoungGen      total 38400K, used 38368K [0x0000000795580000, 0x0000000798000000, 0x00000007c0000000)
  eden space 33280K, 100% used [0x0000000795580000,0x0000000797600000,0x0000000797600000)
  from space 5120K, 99% used [0x0000000797600000,0x0000000797af8200,0x0000000797b00000)
  to   space 5120K, 0% used [0x0000000797b00000,0x0000000797b00000,0x0000000798000000)
 ParOldGen       total 87552K, used 887K [0x0000000740000000, 0x0000000745580000, 0x0000000795580000)
  object space 87552K, 1% used [0x0000000740000000,0x00000007400ddd40,0x0000000745580000)
 Metaspace       used 17206K, capacity 17774K, committed 18048K, reserved 1064960K
  class space    used 2214K, capacity 2363K, committed 2432K, reserved 1048576K
Event: 365.892 GC heap after
Heap after GC invocations=2 (full 0):
 PSYoungGen      total 38400K, used 5088K [0x0000000795580000, 0x0000000798000000, 0x00000007c0000000)
  eden space 33280K, 0% used [0x0000000795580000,0x0000000795580000,0x0000000797600000)
  from space 5120K, 99% used [0x0000000797b00000,0x0000000797ff81d0,0x0000000798000000)
  to   space 5120K, 0% used [0x0000000797600000,0x0000000797600000,0x0000000797b00000)
 ParOldGen       total 87552K, used 2647K [0x0000000740000000, 0x0000000745580000, 0x0000000795580000)
  object space 87552K, 3% used [0x0000000740000000,0x0000000740295c30,0x0000000745580000)
 Metaspace       used 17206K, capacity 17774K, committed 18048K, reserved 1064960K
  class space    used 2214K, capacity 2363K, committed 2432K, reserved 1048576K
}

Deoptimization events (10 events):
Event: 34.512 Thread 0x00007ffbf8122000 Uncommon trap: reason=unstable_if action=reinterpret pc=0x0000000109365da4 method=com.google.gson.stream.JsonReader.hasNext()Z @ 21
Event: 35.861 Thread 0x00007ffbf8122000 Uncommon trap: reason=unstable_if action=reinterpret pc=0x00000001093b5464 method=java.io.PrintStream.write([BII)V @ 23
Event: 35.861 Thread 0x00007ffbf8122000 Uncommon trap: reason=unstable_if action=reinterpret pc=0x00000001093ba98c method=java.io.PrintStream.write(Ljava/lang/String;)V @ 34
Event: 35.861 Thread 0x00007ffbf8122000 Uncommon trap: reason=unstable_if action=reinterpret pc=0x00000001093bce80 method=java.io.PrintStream.write([BII)V @ 23
Event: 35.861 Thread 0x00007ffbf8122000 Uncommon trap: reason=class_check action=maybe_recompile pc=0x00000001093aad38 method=java.io.BufferedOutputStream.flushBuffer()V @ 20
Event: 35.861 Thread 0x00007ffbf8122000 Uncommon trap: reason=class_check action=maybe_recompile pc=0x00000001093aac78 method=java.io.BufferedOutputStream.flush()V @ 8
Event: 35.861 Thread 0x00007ffbf8122000 Uncommon trap: reason=class_check action=maybe_recompile pc=0x00000001093aac78 method=java.io.BufferedOutputStream.flush()V @ 8
Event: 35.932 Thread 0x00007ffbf8122000 Uncommon trap: reason=class_check action=maybe_recompile pc=0x00000001093aad38 method=java.io.BufferedOutputStream.flushBuffer()V @ 20
Event: 35.932 Thread 0x00007ffbf8122000 Uncommon trap: reason=class_check action=maybe_recompile pc=0x00000001093aac78 method=java.io.BufferedOutputStream.flush()V @ 8
Event: 35.932 Thread 0x00007ffbf8122000 Uncommon trap: reason=class_check action=maybe_recompile pc=0x00000001093aac78 method=java.io.BufferedOutputStream.flush()V @ 8

Internal exceptions (10 events):
Event: 0.173 Thread 0x00007ffbf8800800 Exception <a 'java/lang/NoSuchFieldError': method resolution failed> (0x0000000795888bf8) thrown at [/Users/java_re/workspace/8-2-build-macosx-x86_64/jdk8u51/3951/hotspot/src/share/vm/prims/methodHandles.cpp, line 1125]
Event: 0.192 Thread 0x00007ffbf8800800 Exception <a 'java/security/PrivilegedActionException'> (0x0000000795915290) thrown at [/Users/java_re/workspace/8-2-build-macosx-x86_64/jdk8u51/3951/hotspot/src/share/vm/prims/jvm.cpp, line 1382]
Event: 0.192 Thread 0x00007ffbf8800800 Exception <a 'java/security/PrivilegedActionException'> (0x0000000795915448) thrown at [/Users/java_re/workspace/8-2-build-macosx-x86_64/jdk8u51/3951/hotspot/src/share/vm/prims/jvm.cpp, line 1382]
Event: 0.192 Thread 0x00007ffbf8800800 Exception <a 'java/security/PrivilegedActionException'> (0x0000000795918638) thrown at [/Users/java_re/workspace/8-2-build-macosx-x86_64/jdk8u51/3951/hotspot/src/share/vm/prims/jvm.cpp, line 1382]
Event: 0.192 Thread 0x00007ffbf8800800 Exception <a 'java/security/PrivilegedActionException'> (0x00000007959187f0) thrown at [/Users/java_re/workspace/8-2-build-macosx-x86_64/jdk8u51/3951/hotspot/src/share/vm/prims/jvm.cpp, line 1382]
Event: 0.192 Thread 0x00007ffbf8800800 Exception <a 'java/lang/NullPointerException'> (0x0000000795918f88) thrown at [/Users/java_re/workspace/8-2-build-macosx-x86_64/jdk8u51/3951/hotspot/src/share/vm/interpreter/linkResolver.cpp, line 1178]
Event: 0.655 Thread 0x00007ffbf8122000 Exception <a 'java/lang/NullPointerException'> (0x00000007962ac990) thrown at [/Users/java_re/workspace/8-2-build-macosx-x86_64/jdk8u51/3951/hotspot/src/share/vm/interpreter/linkResolver.cpp, line 1178]
Event: 0.655 Thread 0x00007ffbf8122000 Exception <a 'java/lang/NullPointerException'> (0x00000007962ac990) thrown at [/Users/java_re/workspace/8-2-build-macosx-x86_64/jdk8u51/3951/hotspot/src/share/vm/prims/jvm.cpp, line 1386]
Event: 0.847 Thread 0x00007ffbf8122000 Implicit null exception at 0x0000000109016835 to 0x0000000109016a6d
Event: 34.460 Thread 0x00007ffbf8122000 Exception <a 'java/lang/ArrayIndexOutOfBoundsException': 18> (0x00000007968a91d8) thrown at [/Users/java_re/workspace/8-2-build-macosx-x86_64/jdk8u51/3951/hotspot/src/share/vm/interpreter/interpreterRuntime.cpp, line 366]

Events (10 events):
Event: 15467.440 Thread 0x00007ffbf8800800 Thread exited: 0x00007ffbf8800800
Event: 15467.441 Thread 0x00007ffbfe890000 Thread added: 0x00007ffbfe890000
Event: 15467.731 Thread 0x00007ffbf8122000 Thread exited: 0x00007ffbf8122000
Event: 15467.731 loading class java/util/IdentityHashMap$KeySet
Event: 15467.734 loading class java/util/IdentityHashMap$KeySet done
Event: 15467.734 loading class java/util/IdentityHashMap$KeyIterator
Event: 15467.734 loading class java/util/IdentityHashMap$IdentityHashMapIterator
Event: 15467.734 loading class java/util/IdentityHashMap$IdentityHashMapIterator done
Event: 15467.734 loading class java/util/IdentityHashMap$KeyIterator done
Event: 15467.734 Thread 0x00007ffbfe890000 Thread exited: 0x00007ffbfe890000


Dynamic libraries:
0x000000000a087000 	/System/Library/Frameworks/Cocoa.framework/Versions/A/Cocoa
0x000000000a087000 	/System/Library/Frameworks/Security.framework/Versions/A/Security
0x000000000a087000 	/System/Library/Frameworks/ApplicationServices.framework/Versions/A/ApplicationServices
0x000000000a087000 	/usr/lib/libz.1.dylib
0x000000000a087000 	/usr/lib/libSystem.B.dylib
0x000000000a087000 	/usr/lib/libobjc.A.dylib
0x000000000a087000 	/System/Library/Frameworks/CoreFoundation.framework/Versions/A/CoreFoundation
0x000000000a087000 	/System/Library/Frameworks/Foundation.framework/Versions/C/Foundation
0x000000000a087000 	/System/Library/Frameworks/AppKit.framework/Versions/C/AppKit
0x000000000a087000 	/System/Library/Frameworks/CoreData.framework/Versions/A/CoreData
0x000000000a087000 	/System/Library/PrivateFrameworks/RemoteViewServices.framework/Versions/A/RemoteViewServices
0x000000000a087000 	/System/Library/PrivateFrameworks/UIFoundation.framework/Versions/A/UIFoundation
0x000000000a087000 	/System/Library/PrivateFrameworks/DFRFoundation.framework/Versions/A/DFRFoundation
0x000000000a087000 	/usr/lib/libenergytrace.dylib
0x000000000a087000 	/System/Library/PrivateFrameworks/SkyLight.framework/Versions/A/SkyLight
0x000000000a087000 	/System/Library/Frameworks/CoreGraphics.framework/Versions/A/CoreGraphics
0x000000000a087000 	/usr/lib/libScreenReader.dylib
0x000000000a087000 	/System/Library/Frameworks/Accelerate.framework/Versions/A/Accelerate
0x000000000a087000 	/System/Library/Frameworks/IOSurface.framework/Versions/A/IOSurface
0x000000000a087000 	/System/Library/Frameworks/AudioToolbox.framework/Versions/A/AudioToolbox
0x000000000a087000 	/System/Library/Frameworks/AudioUnit.framework/Versions/A/AudioUnit
0x000000000a087000 	/System/Library/PrivateFrameworks/DataDetectorsCore.framework/Versions/A/DataDetectorsCore
0x000000000a087000 	/System/Library/PrivateFrameworks/DesktopServicesPriv.framework/Versions/A/DesktopServicesPriv
0x000000000a087000 	/System/Library/Frameworks/Carbon.framework/Versions/A/Frameworks/HIToolbox.framework/Versions/A/HIToolbox
0x000000000a087000 	/usr/lib/libicucore.A.dylib
0x000000000a087000 	/System/Library/Frameworks/QuartzCore.framework/Versions/A/QuartzCore
0x000000000a087000 	/System/Library/Frameworks/Carbon.framework/Versions/A/Frameworks/SpeechRecognition.framework/Versions/A/SpeechRecognition
0x000000000a087000 	/usr/lib/libauto.dylib
0x000000000a087000 	/usr/lib/libxml2.2.dylib
0x000000000a087000 	/System/Library/PrivateFrameworks/CoreUI.framework/Versions/A/CoreUI
0x000000000a087000 	/System/Library/Frameworks/CoreAudio.framework/Versions/A/CoreAudio
0x000000000a087000 	/System/Library/Frameworks/DiskArbitration.framework/Versions/A/DiskArbitration
0x000000000a087000 	/usr/lib/liblangid.dylib
0x000000000a087000 	/System/Library/PrivateFrameworks/MultitouchSupport.framework/Versions/A/MultitouchSupport
0x000000000a087000 	/System/Library/Frameworks/IOKit.framework/Versions/A/IOKit
0x000000000a087000 	/usr/lib/libDiagnosticMessagesClient.dylib
0x000000000a087000 	/System/Library/Frameworks/CoreServices.framework/Versions/A/CoreServices
0x000000000a087000 	/System/Library/PrivateFrameworks/PerformanceAnalysis.framework/Versions/A/PerformanceAnalysis
0x000000000a087000 	/System/Library/PrivateFrameworks/GenerationalStorage.framework/Versions/A/GenerationalStorage
0x000000000a087000 	/System/Library/Frameworks/OpenGL.framework/Versions/A/OpenGL
0x000000000a087000 	/System/Library/Frameworks/CoreImage.framework/Versions/A/CoreImage
0x000000000a087000 	/System/Library/Frameworks/CoreText.framework/Versions/A/CoreText
0x000000000a087000 	/System/Library/Frameworks/ImageIO.framework/Versions/A/ImageIO
0x000000000a087000 	/System/Library/PrivateFrameworks/Backup.framework/Versions/A/Backup
0x000000000a087000 	/usr/lib/libarchive.2.dylib
0x000000000a087000 	/System/Library/Frameworks/CFNetwork.framework/Versions/A/CFNetwork
0x000000000a087000 	/System/Library/Frameworks/SystemConfiguration.framework/Versions/A/SystemConfiguration
0x000000000a087000 	/usr/lib/libCRFSuite.dylib
0x000000000a087000 	/usr/lib/libc++.1.dylib
0x000000000a087000 	/usr/lib/libc++abi.dylib
0x000000000a087000 	/usr/lib/system/libcache.dylib
0x000000000a087000 	/usr/lib/system/libcommonCrypto.dylib
0x000000000a087000 	/usr/lib/system/libcompiler_rt.dylib
0x000000000a087000 	/usr/lib/system/libcopyfile.dylib
0x000000000a087000 	/usr/lib/system/libcorecrypto.dylib
0x000000000a087000 	/usr/lib/system/libdispatch.dylib
0x000000000a087000 	/usr/lib/system/libdyld.dylib
0x000000000a087000 	/usr/lib/system/libkeymgr.dylib
0x000000000a087000 	/usr/lib/system/liblaunch.dylib
0x000000000a087000 	/usr/lib/system/libmacho.dylib
0x000000000a087000 	/usr/lib/system/libquarantine.dylib
0x000000000a087000 	/usr/lib/system/libremovefile.dylib
0x000000000a087000 	/usr/lib/system/libsystem_asl.dylib
0x000000000a087000 	/usr/lib/system/libsystem_blocks.dylib
0x000000000a087000 	/usr/lib/system/libsystem_c.dylib
0x000000000a087000 	/usr/lib/system/libsystem_configuration.dylib
0x000000000a087000 	/usr/lib/system/libsystem_coreservices.dylib
0x000000000a087000 	/usr/lib/system/libsystem_coretls.dylib
0x000000000a087000 	/usr/lib/system/libsystem_dnssd.dylib
0x000000000a087000 	/usr/lib/system/libsystem_info.dylib
0x000000000a087000 	/usr/lib/system/libsystem_kernel.dylib
0x000000000a087000 	/usr/lib/system/libsystem_m.dylib
0x000000000a087000 	/usr/lib/system/libsystem_malloc.dylib
0x000000000a087000 	/usr/lib/system/libsystem_network.dylib
0x000000000a087000 	/usr/lib/system/libsystem_networkextension.dylib
0x000000000a087000 	/usr/lib/system/libsystem_notify.dylib
0x000000000a087000 	/usr/lib/system/libsystem_platform.dylib
0x000000000a087000 	/usr/lib/system/libsystem_pthread.dylib
0x000000000a087000 	/usr/lib/system/libsystem_sandbox.dylib
0x000000000a087000 	/usr/lib/system/libsystem_secinit.dylib
0x000000000a087000 	/usr/lib/system/libsystem_symptoms.dylib
0x000000000a087000 	/usr/lib/system/libsystem_trace.dylib
0x000000000a087000 	/usr/lib/system/libunwind.dylib
0x000000000a087000 	/usr/lib/system/libxpc.dylib
0x000000000a087000 	/usr/lib/libbsm.0.dylib
0x000000000a087000 	/usr/lib/system/libkxld.dylib
0x000000000a087000 	/usr/lib/libcoretls.dylib
0x000000000a087000 	/usr/lib/libcoretls_cfhelpers.dylib
0x000000000a087000 	/usr/lib/libxar.1.dylib
0x000000000a087000 	/usr/lib/libsqlite3.dylib
0x000000000a087000 	/usr/lib/libpam.2.dylib
0x000000000a087000 	/usr/lib/libOpenScriptingUtil.dylib
0x000000000a087000 	/usr/lib/libbz2.1.0.dylib
0x000000000a087000 	/usr/lib/liblzma.5.dylib
0x000000000a087000 	/usr/lib/libnetwork.dylib
0x000000000a087000 	/usr/lib/libpcap.A.dylib
0x000000000a087000 	/System/Library/Frameworks/CoreServices.framework/Versions/A/Frameworks/FSEvents.framework/Versions/A/FSEvents
0x000000000a087000 	/System/Library/Frameworks/CoreServices.framework/Versions/A/Frameworks/CarbonCore.framework/Versions/A/CarbonCore
0x000000000a087000 	/System/Library/Frameworks/CoreServices.framework/Versions/A/Frameworks/Metadata.framework/Versions/A/Metadata
0x000000000a087000 	/System/Library/Frameworks/CoreServices.framework/Versions/A/Frameworks/OSServices.framework/Versions/A/OSServices
0x000000000a087000 	/System/Library/Frameworks/CoreServices.framework/Versions/A/Frameworks/SearchKit.framework/Versions/A/SearchKit
0x000000000a087000 	/System/Library/Frameworks/CoreServices.framework/Versions/A/Frameworks/AE.framework/Versions/A/AE
0x000000000a087000 	/System/Library/Frameworks/CoreServices.framework/Versions/A/Frameworks/LaunchServices.framework/Versions/A/LaunchServices
0x000000000a087000 	/System/Library/Frameworks/CoreServices.framework/Versions/A/Frameworks/DictionaryServices.framework/Versions/A/DictionaryServices
0x000000000a087000 	/System/Library/Frameworks/CoreServices.framework/Versions/A/Frameworks/SharedFileList.framework/Versions/A/SharedFileList
0x000000000a087000 	/System/Library/Frameworks/NetFS.framework/Versions/A/NetFS
0x000000000a087000 	/System/Library/PrivateFrameworks/NetAuth.framework/Versions/A/NetAuth
0x000000000a087000 	/System/Library/PrivateFrameworks/login.framework/Versions/A/Frameworks/loginsupport.framework/Versions/A/loginsupport
0x000000000a087000 	/System/Library/PrivateFrameworks/TCC.framework/Versions/A/TCC
0x000000000a087000 	/usr/lib/libmecabra.dylib
0x000000000a087000 	/System/Library/Frameworks/ApplicationServices.framework/Versions/A/Frameworks/ATS.framework/Versions/A/ATS
0x000000000a087000 	/System/Library/Frameworks/ApplicationServices.framework/Versions/A/Frameworks/ColorSync.framework/Versions/A/ColorSync
0x000000000a087000 	/System/Library/Frameworks/ApplicationServices.framework/Versions/A/Frameworks/HIServices.framework/Versions/A/HIServices
0x000000000a087000 	/System/Library/Frameworks/ApplicationServices.framework/Versions/A/Frameworks/LangAnalysis.framework/Versions/A/LangAnalysis
0x000000000a087000 	/System/Library/Frameworks/ApplicationServices.framework/Versions/A/Frameworks/PrintCore.framework/Versions/A/PrintCore
0x000000000a087000 	/System/Library/Frameworks/ApplicationServices.framework/Versions/A/Frameworks/QD.framework/Versions/A/QD
0x000000000a087000 	/System/Library/Frameworks/ApplicationServices.framework/Versions/A/Frameworks/SpeechSynthesis.framework/Versions/A/SpeechSynthesis
0x000000000a087000 	/System/Library/Frameworks/Accelerate.framework/Versions/A/Frameworks/vImage.framework/Versions/A/vImage
0x000000000a087000 	/System/Library/Frameworks/Accelerate.framework/Versions/A/Frameworks/vecLib.framework/Versions/A/vecLib
0x000000000a087000 	/System/Library/Frameworks/Accelerate.framework/Versions/A/Frameworks/vecLib.framework/Versions/A/libvDSP.dylib
0x000000000a087000 	/System/Library/Frameworks/Accelerate.framework/Versions/A/Frameworks/vecLib.framework/Versions/A/libBNNS.dylib
0x000000000a087000 	/System/Library/Frameworks/Accelerate.framework/Versions/A/Frameworks/vecLib.framework/Versions/A/libQuadrature.dylib
0x000000000a087000 	/System/Library/Frameworks/Accelerate.framework/Versions/A/Frameworks/vecLib.framework/Versions/A/libvMisc.dylib
0x000000000a087000 	/System/Library/Frameworks/Accelerate.framework/Versions/A/Frameworks/vecLib.framework/Versions/A/libLAPACK.dylib
0x000000000a087000 	/System/Library/Frameworks/Accelerate.framework/Versions/A/Frameworks/vecLib.framework/Versions/A/libBLAS.dylib
0x000000000a087000 	/System/Library/Frameworks/Accelerate.framework/Versions/A/Frameworks/vecLib.framework/Versions/A/libLinearAlgebra.dylib
0x000000000a087000 	/System/Library/Frameworks/Accelerate.framework/Versions/A/Frameworks/vecLib.framework/Versions/A/libSparseBLAS.dylib
0x000000000a087000 	/System/Library/Frameworks/ApplicationServices.framework/Versions/A/Frameworks/ATS.framework/Versions/A/Resources/libFontParser.dylib
0x000000000a087000 	/System/Library/Frameworks/ApplicationServices.framework/Versions/A/Frameworks/ATS.framework/Versions/A/Resources/libFontRegistry.dylib
0x000000000a087000 	/System/Library/Frameworks/ImageIO.framework/Versions/A/Resources/libJPEG.dylib
0x000000000a087000 	/System/Library/Frameworks/ImageIO.framework/Versions/A/Resources/libTIFF.dylib
0x000000000a087000 	/System/Library/Frameworks/ImageIO.framework/Versions/A/Resources/libPng.dylib
0x000000000a087000 	/System/Library/Frameworks/ImageIO.framework/Versions/A/Resources/libGIF.dylib
0x000000000a087000 	/System/Library/Frameworks/ImageIO.framework/Versions/A/Resources/libJP2.dylib
0x000000000a087000 	/System/Library/Frameworks/ImageIO.framework/Versions/A/Resources/libRadiance.dylib
0x000000000a087000 	/usr/lib/libcompression.dylib
0x000000000a087000 	/System/Library/PrivateFrameworks/AppleJPEG.framework/Versions/A/AppleJPEG
0x000000000a087000 	/usr/lib/libcups.2.dylib
0x000000000a087000 	/System/Library/Frameworks/Kerberos.framework/Versions/A/Kerberos
0x000000000a087000 	/System/Library/Frameworks/GSS.framework/Versions/A/GSS
0x000000000a087000 	/usr/lib/libresolv.9.dylib
0x000000000a087000 	/usr/lib/libiconv.2.dylib
0x000000000a087000 	/System/Library/PrivateFrameworks/Heimdal.framework/Versions/A/Heimdal
0x000000000a087000 	/usr/lib/libheimdal-asn1.dylib
0x000000000a087000 	/System/Library/Frameworks/OpenDirectory.framework/Versions/A/OpenDirectory
0x000000000a087000 	/System/Library/PrivateFrameworks/CommonAuth.framework/Versions/A/CommonAuth
0x000000000a087000 	/System/Library/Frameworks/OpenDirectory.framework/Versions/A/Frameworks/CFOpenDirectory.framework/Versions/A/CFOpenDirectory
0x000000000a087000 	/System/Library/Frameworks/SecurityFoundation.framework/Versions/A/SecurityFoundation
0x000000000a087000 	/System/Library/PrivateFrameworks/LanguageModeling.framework/Versions/A/LanguageModeling
0x000000000a087000 	/usr/lib/libmarisa.dylib
0x000000000a087000 	/usr/lib/libChineseTokenizer.dylib
0x000000000a087000 	/usr/lib/libcmph.dylib
0x000000000a087000 	/System/Library/PrivateFrameworks/CoreEmoji.framework/Versions/A/CoreEmoji
0x000000000a087000 	/System/Library/Frameworks/ServiceManagement.framework/Versions/A/ServiceManagement
0x000000000a087000 	/usr/lib/libxslt.1.dylib
0x000000000a087000 	/System/Library/Frameworks/Carbon.framework/Versions/A/Frameworks/Ink.framework/Versions/A/Ink
0x000000000a087000 	/System/Library/PrivateFrameworks/TextureIO.framework/Versions/A/TextureIO
0x000000000a087000 	/System/Library/Frameworks/Metal.framework/Versions/A/Metal
0x000000000a087000 	/usr/lib/libate.dylib
0x000000000a087000 	/System/Library/PrivateFrameworks/GPUCompiler.framework/libmetal_timestamp.dylib
0x000000000a087000 	/System/Library/Frameworks/OpenGL.framework/Versions/A/Libraries/libCoreFSCache.dylib
0x000000000a087000 	/System/Library/PrivateFrameworks/IOAccelerator.framework/Versions/A/IOAccelerator
0x000000000a087000 	/System/Library/Frameworks/CoreVideo.framework/Versions/A/CoreVideo
0x000000000a087000 	/usr/lib/libFosl_dynamic.dylib
0x000000000a087000 	/System/Library/PrivateFrameworks/MetalPerformanceShaders.framework/Versions/A/MetalPerformanceShaders
0x000000000a087000 	/System/Library/PrivateFrameworks/FaceCore.framework/Versions/A/FaceCore
0x000000000a087000 	/System/Library/Frameworks/OpenCL.framework/Versions/A/OpenCL
0x000000000a087000 	/System/Library/Frameworks/OpenGL.framework/Versions/A/Libraries/libGLU.dylib
0x000000000a087000 	/System/Library/Frameworks/OpenGL.framework/Versions/A/Libraries/libGFXShared.dylib
0x000000000a087000 	/System/Library/Frameworks/OpenGL.framework/Versions/A/Libraries/libGL.dylib
0x000000000a087000 	/System/Library/Frameworks/OpenGL.framework/Versions/A/Libraries/libGLImage.dylib
0x000000000a087000 	/System/Library/Frameworks/OpenGL.framework/Versions/A/Libraries/libCVMSPluginSupport.dylib
0x000000000a087000 	/System/Library/Frameworks/OpenGL.framework/Versions/A/Libraries/libCoreVMClient.dylib
0x000000000a087000 	/System/Library/PrivateFrameworks/CrashReporterSupport.framework/Versions/A/CrashReporterSupport
0x000000000a087000 	/System/Library/PrivateFrameworks/Sharing.framework/Versions/A/Sharing
0x000000000a087000 	/System/Library/PrivateFrameworks/IconServices.framework/Versions/A/IconServices
0x000000000a087000 	/System/Library/PrivateFrameworks/ProtocolBuffer.framework/Versions/A/ProtocolBuffer
0x000000000a087000 	/System/Library/PrivateFrameworks/Apple80211.framework/Versions/A/Apple80211
0x000000000a087000 	/System/Library/Frameworks/CoreWLAN.framework/Versions/A/CoreWLAN
0x000000000a087000 	/System/Library/PrivateFrameworks/CoreUtils.framework/Versions/A/CoreUtils
0x000000000a087000 	/System/Library/Frameworks/IOBluetooth.framework/Versions/A/IOBluetooth
0x000000000a087000 	/System/Library/PrivateFrameworks/CoreWiFi.framework/Versions/A/CoreWiFi
0x000000000a087000 	/System/Library/Frameworks/CoreBluetooth.framework/Versions/A/CoreBluetooth
0x000000000a087000 	/System/Library/Frameworks/CoreDisplay.framework/Versions/A/CoreDisplay
0x000000000a087000 	/System/Library/PrivateFrameworks/IOPresentment.framework/Versions/A/IOPresentment
0x000000000a087000 	/System/Library/PrivateFrameworks/DebugSymbols.framework/Versions/A/DebugSymbols
0x000000000a087000 	/System/Library/PrivateFrameworks/CoreSymbolication.framework/Versions/A/CoreSymbolication
0x000000000a087000 	/System/Library/PrivateFrameworks/Symbolication.framework/Versions/A/Symbolication
0x000000000a087000 	/System/Library/PrivateFrameworks/AppleFSCompression.framework/Versions/A/AppleFSCompression
0x000000000a087000 	/System/Library/PrivateFrameworks/SpeechRecognitionCore.framework/Versions/A/SpeechRecognitionCore
0x000000000a087000 	/System/Library/PrivateFrameworks/ChunkingLibrary.framework/Versions/A/ChunkingLibrary
0x0000000104600000 	/Library/Java/JavaVirtualMachines/jdk1.8.0_51.jdk/Contents/Home/jre/lib/server/libjvm.dylib
0x000000000a087000 	/usr/lib/libstdc++.6.dylib
0x0000000103c4b000 	/Library/Java/JavaVirtualMachines/jdk1.8.0_51.jdk/Contents/Home/jre/lib/libverify.dylib
0x0000000103c59000 	/Library/Java/JavaVirtualMachines/jdk1.8.0_51.jdk/Contents/Home/jre/lib/libjava.dylib
0x0000000103c98000 	/Library/Java/JavaVirtualMachines/jdk1.8.0_51.jdk/Contents/Home/jre/lib/libzip.dylib
0x0000000103de3000 	/System/Library/Frameworks/JavaVM.framework/Frameworks/JavaRuntimeSupport.framework/JavaRuntimeSupport
0x0000000107d8b000 	/System/Library/Frameworks/JavaVM.framework/Versions/A/Frameworks/JavaNativeFoundation.framework/Versions/A/JavaNativeFoundation
0x0000000107da0000 	/System/Library/Frameworks/JavaVM.framework/Versions/A/JavaVM
0x000000000a087000 	/System/Library/Frameworks/Carbon.framework/Versions/A/Carbon
0x0000000107dad000 	/System/Library/PrivateFrameworks/JavaLaunching.framework/Versions/A/JavaLaunching
0x000000000a087000 	/System/Library/Frameworks/Carbon.framework/Versions/A/Frameworks/CommonPanels.framework/Versions/A/CommonPanels
0x000000000a087000 	/System/Library/Frameworks/Carbon.framework/Versions/A/Frameworks/Help.framework/Versions/A/Help
0x000000000a087000 	/System/Library/Frameworks/Carbon.framework/Versions/A/Frameworks/ImageCapture.framework/Versions/A/ImageCapture
0x000000000a087000 	/System/Library/Frameworks/Carbon.framework/Versions/A/Frameworks/OpenScripting.framework/Versions/A/OpenScripting
0x000000000a087000 	/System/Library/Frameworks/Carbon.framework/Versions/A/Frameworks/Print.framework/Versions/A/Print
0x000000000a087000 	/System/Library/Frameworks/Carbon.framework/Versions/A/Frameworks/SecurityHI.framework/Versions/A/SecurityHI
0x0000000107e9f000 	/Library/Java/JavaVirtualMachines/jdk1.8.0_51.jdk/Contents/Home/jre/lib/libprism_es2.dylib
0x000000000a087000 	/System/Library/Frameworks/OpenGL.framework/Versions/A/Resources/GLEngine.bundle/GLEngine
0x000000000a087000 	/System/Library/Frameworks/OpenGL.framework/Versions/A/Libraries/libGLProgrammability.dylib
0x0000000107efc000 	/System/Library/Extensions/AppleIntelBDWGraphicsGLDriver.bundle/Contents/MacOS/AppleIntelBDWGraphicsGLDriver
0x000000000a087000 	/System/Library/PrivateFrameworks/GPUSupport.framework/Versions/A/Libraries/libGPUSupportMercury.dylib
0x000000000a087000 	/System/Library/Frameworks/OpenGL.framework/Versions/A/Resources/GLRendererFloat.bundle/GLRendererFloat
0x000000000a087000 	/System/Library/Frameworks/OpenCL.framework/Versions/A/Libraries/libcldcpuengine.dylib
0x000000000a087000 	/usr/lib/libcrypto.0.9.8.dylib
0x000000000a087000 	/System/Library/PrivateFrameworks/TrustEvaluationAgent.framework/Versions/A/TrustEvaluationAgent
0x0000000108a4a000 	/Library/Java/JavaVirtualMachines/jdk1.8.0_51.jdk/Contents/Home/jre/lib/libglass.dylib
0x000000000a087000 	/System/Library/PrivateFrameworks/CoreServicesInternal.framework/Versions/A/CoreServicesInternal
0x000000000a087000 	/System/Library/CoreServices/RawCamera.bundle/Contents/MacOS/RawCamera
0x000000000a087000 	/System/Library/Frameworks/Accelerate.framework/Versions/A/Frameworks/vImage.framework/Versions/A/Libraries/libCGInterfaces.dylib
0x000000000a087000 	/System/Library/PrivateFrameworks/FamilyControls.framework/Versions/A/FamilyControls
0x000000000a087000 	/System/Library/PrivateFrameworks/CommerceKit.framework/Versions/A/Frameworks/CommerceCore.framework/Versions/A/CommerceCore
0x000000000a087000 	/System/Library/PrivateFrameworks/SystemAdministration.framework/Versions/A/SystemAdministration
0x000000000a087000 	/System/Library/PrivateFrameworks/AppContainer.framework/Versions/A/AppContainer
0x000000000a087000 	/System/Library/PrivateFrameworks/SecCodeWrapper.framework/Versions/A/SecCodeWrapper
0x000000000a087000 	/System/Library/Frameworks/DirectoryService.framework/Versions/A/DirectoryService
0x000000000a087000 	/System/Library/PrivateFrameworks/DiskImages.framework/Versions/A/DiskImages
0x000000000a087000 	/System/Library/PrivateFrameworks/LoginUIKit.framework/Versions/A/Frameworks/LoginUICore.framework/Versions/A/LoginUICore
0x000000000a087000 	/usr/lib/libCoreStorage.dylib
0x000000000a087000 	/usr/lib/libcsfde.dylib
0x000000000a087000 	/usr/lib/libodfde.dylib
0x000000000a087000 	/System/Library/Frameworks/DiscRecording.framework/Versions/A/DiscRecording
0x000000000a087000 	/usr/lib/libcurl.4.dylib
0x000000000a087000 	/System/Library/PrivateFrameworks/MediaKit.framework/Versions/A/MediaKit
0x000000000a087000 	/System/Library/PrivateFrameworks/ProtectedCloudStorage.framework/Versions/A/ProtectedCloudStorage
0x000000000a087000 	/System/Library/PrivateFrameworks/EFILogin.framework/Versions/A/EFILogin
0x000000000a087000 	/usr/lib/libutil.dylib
0x000000000a087000 	/System/Library/Frameworks/LDAP.framework/Versions/A/LDAP
0x000000000a087000 	/usr/lib/libsasl2.2.dylib
0x000000000a087000 	/System/Library/PrivateFrameworks/CoreDaemon.framework/Versions/B/CoreDaemon
0x000000000a087000 	/System/Library/PrivateFrameworks/AppleSRP.framework/Versions/A/AppleSRP
0x000000000a087000 	/System/Library/PrivateFrameworks/APFS.framework/Versions/A/APFS
0x0000000108d54000 	/Library/Java/JavaVirtualMachines/jdk1.8.0_51.jdk/Contents/Home/jre/lib/libjavafx_font.dylib
0x000000000a087000 	/System/Library/Frameworks/ApplicationServices.framework/Versions/A/Frameworks/ATS.framework/Versions/A/Resources/libTrueTypeScaler.dylib
0x0000000122179000 	/System/Library/Extensions/AppleIntelBDWGraphicsMTLDriver.bundle/Contents/MacOS/AppleIntelBDWGraphicsMTLDriver
0x0000000122471000 	/Library/Java/JavaVirtualMachines/jdk1.8.0_51.jdk/Contents/Home/jre/lib/libprism_common.dylib
0x000000000a087000 	/System/Library/PrivateFrameworks/ViewBridge.framework/Versions/A/ViewBridge
0x000000000a087000 	/System/Library/PrivateFrameworks/XPCService.framework/Versions/A/XPCService
0x000000000a087000 	/System/Library/PrivateFrameworks/AppSandbox.framework/Versions/A/AppSandbox
0x000000000a087000 	/usr/lib/libsandbox.1.dylib
0x000000000a087000 	/usr/lib/libMatch.1.dylib
0x00000001231cd000 	/Library/Java/JavaVirtualMachines/jdk1.8.0_51.jdk/Contents/Home/jre/lib/libsunec.dylib
0x000000012275a000 	/Library/Java/JavaVirtualMachines/jdk1.8.0_51.jdk/Contents/Home/jre/lib/libnet.dylib

VM Arguments:
jvm_args: -Dfile.encoding=UTF-8 
java_command: application.Main
java_class_path (initial): /Users/amandahinchman/Documents/workspace/LeanTechnique/bin:/Applications/Eclipse.app/Contents/Eclipse/plugins/org.eclipse.fx.ide.css.jfx8_2.4.0.201605112122.jar:/Users/amandahinchman/Documents/workspace/LeanTechnique/java-json.jar:/Users/amandahinchman/Documents/workspace/LeanTechnique/gson-master:/Users/amandahinchman/Documents/workspace/LeanTechnique/gson-master/gson/target/gson-2.8.1-SNAPSHOT.jar
Launcher Type: SUN_STANDARD

Environment Variables:
PATH=/usr/bin:/bin:/usr/sbin:/sbin
SHELL=/bin/bash

Signal Handlers:
SIGSEGV: [libjvm.dylib+0x58ef35], sa_mask[0]=11111111011111110111111111111111, sa_flags=SA_ONSTACK|SA_RESTART|SA_SIGINFO
SIGBUS: [libjvm.dylib+0x58ef35], sa_mask[0]=11111111011111110111111111111111, sa_flags=SA_RESTART|SA_SIGINFO
SIGFPE: [libjvm.dylib+0x46c028], sa_mask[0]=11111111011111110111111111111111, sa_flags=SA_RESTART|SA_SIGINFO
SIGPIPE: [libjvm.dylib+0x46c028], sa_mask[0]=11111111011111110111111111111111, sa_flags=SA_RESTART|SA_SIGINFO
SIGXFSZ: [libjvm.dylib+0x46c028], sa_mask[0]=11111111011111110111111111111111, sa_flags=SA_RESTART|SA_SIGINFO
SIGILL: [libjvm.dylib+0x46c028], sa_mask[0]=11111111011111110111111111111111, sa_flags=SA_RESTART|SA_SIGINFO
SIGUSR1: SIG_DFL, sa_mask[0]=00000000000000000000000000000000, sa_flags=none
SIGUSR2: [libjvm.dylib+0x46bb46], sa_mask[0]=00100000000000000000000000000000, sa_flags=SA_RESTART|SA_SIGINFO
SIGHUP: [libjvm.dylib+0x46a119], sa_mask[0]=11111111011111110111111111111111, sa_flags=SA_RESTART|SA_SIGINFO
SIGINT: [libjvm.dylib+0x46a119], sa_mask[0]=11111111011111110111111111111111, sa_flags=SA_RESTART|SA_SIGINFO
SIGTERM: [libjvm.dylib+0x46a119], sa_mask[0]=11111111011111110111111111111111, sa_flags=SA_RESTART|SA_SIGINFO
SIGQUIT: [libjvm.dylib+0x46a119], sa_mask[0]=11111111011111110111111111111111, sa_flags=SA_RESTART|SA_SIGINFO


---------------  S Y S T E M  ---------------

OS:Bsduname:Darwin 16.4.0 Darwin Kernel Version 16.4.0: Thu Dec 22 22:53:21 PST 2016; root:xnu-3789.41.3~3/RELEASE_X86_64 x86_64
rlimit: STACK 8192k, CORE 0k, NPROC 709, NOFILE 10240, AS infinity
load average:1.83 1.74 2.73

CPU:total 4 (2 cores per cpu, 2 threads per core) family 6 model 61 stepping 4, cmov, cx8, fxsr, mmx, sse, sse2, sse3, ssse3, sse4.1, sse4.2, popcnt, avx, avx2, aes, clmul, erms, 3dnowpref, lzcnt, ht, tsc, tscinvbit, bmi1, bmi2, adx

Memory: 4k page, physical 8388608k(326032k free)

/proc/meminfo:


vm_info: Java HotSpot(TM) 64-Bit Server VM (25.51-b03) for bsd-amd64 JRE (1.8.0_51-b16), built on Jun  8 2015 18:01:11 by "java_re" with gcc 4.2.1 (Based on Apple Inc. build 5658) (LLVM build 2336.11.00)

time: Sun May 28 16:24:32 2017
elapsed time: 15468 seconds (0d 4h 17m 48s)

